Using pre-set license

 COMMAND LINE ARGUMENTS:
/Applications/Unity/Hub/Editor/2020.3.12f1/Unity.app/Contents/MacOS/Unity
-adb2
-batchMode
-noUpm
-name
AssetImportWorker1
-projectPath
/Users/simonkm/Documents/GitHub/TrailWars/Trail Wars
-logFile
Logs/AssetImportWorker1.log
-srvPort
50310
Successfully changed project path to: /Users/simonkm/Documents/GitHub/TrailWars/Trail Wars
/Users/simonkm/Documents/GitHub/TrailWars/Trail Wars
Using Asset Import Pipeline V2.
Refreshing native plugins compatible for Editor in 1510.26 ms, found 3 plugins.
Preloading 0 native plugins for Editor in 0.00 ms.
Initialize engine version: 2020.3.12f1 (b3b2c6512326)
[Subsystems] Discovering subsystems at path /Applications/Unity/Hub/Editor/2020.3.12f1/Unity.app/Contents/Resources/UnitySubsystems
[Subsystems] Discovering subsystems at path /Users/simonkm/Documents/GitHub/TrailWars/Trail Wars/Assets
GfxDevice: creating device client; threaded=0
2021-08-31 10:38:09.624 Unity[48610:1777494] (null) preferred device: Apple M1 (high power)
2021-08-31 10:38:09.625 Unity[48610:1777494] Metal devices available: 1
2021-08-31 10:38:09.625 Unity[48610:1777494] 0: Apple M1 (high power)
2021-08-31 10:38:09.625 Unity[48610:1777494] Using device Apple M1 (high power)
Initializing Metal device caps: Apple M1
Shader 'Universal Render Pipeline/Particles/Lit': fallback shader 'Universal Render Pipeline/Particles/SimpleLit' not found
Initialize mono
Mono path[0] = '/Applications/Unity/Hub/Editor/2020.3.12f1/Unity.app/Contents/Managed'
Mono path[1] = '/Applications/Unity/Hub/Editor/2020.3.12f1/Unity.app/Contents/MonoBleedingEdge/lib/mono/unityjit'
Mono config path = '/Applications/Unity/Hub/Editor/2020.3.12f1/Unity.app/Contents/MonoBleedingEdge/etc'
Using monoOptions --debugger-agent=transport=dt_socket,embedding=1,server=y,suspend=n,address=127.0.0.1:56610
Begin MonoManager ReloadAssembly
Registering precompiled unity dll's ...
Register platform support module: /Applications/Unity/Hub/Editor/2020.3.12f1/Unity.app/Contents/PlaybackEngines/MacStandaloneSupport/UnityEditor.OSXStandalone.Extensions.dll
Registered in 0.001096 seconds.
Native extension for OSXStandalone target not found
Refreshing native plugins compatible for Editor in 70.89 ms, found 3 plugins.
Preloading 0 native plugins for Editor in 0.00 ms.
Mono: successfully reloaded assembly
- Completed reload, in  5.023 seconds
Platform modules already initialized, skipping
Registering precompiled user dll's ...
Registered in 0.005451 seconds.
Begin MonoManager ReloadAssembly
Native extension for OSXStandalone target not found
Refreshing native plugins compatible for Editor in 74.12 ms, found 3 plugins.
Preloading 0 native plugins for Editor in 0.00 ms.
Mono: successfully reloaded assembly
- Completed reload, in  2.556 seconds
Platform modules already initialized, skipping
========================================================================
Worker process is ready to serve import requests
Shader 'Universal Render Pipeline/Particles/Lit': fallback shader 'Universal Render Pipeline/Particles/SimpleLit' not found
Launching external process: /Applications/Unity/Hub/Editor/2020.3.12f1/Unity.app/Contents/Tools/UnityShaderCompiler
Launched and connected shader compiler UnityShaderCompiler after 0.04 seconds
Refreshing native plugins compatible for Editor in 0.83 ms, found 3 plugins.
Preloading 0 native plugins for Editor in 0.00 ms.
Unloading 3464 Unused Serialized files (Serialized files now loaded: 0)
System memory in use before: 237.8 MB.
System memory in use after: 237.9 MB.

Unloading 59 unused Assets to reduce memory usage. Loaded Objects now: 3875.
Total: 3.234625 ms (FindLiveObjects: 0.245875 ms CreateObjectMapping: 0.077291 ms MarkObjects: 2.784542 ms  DeleteObjects: 0.126125 ms)

AssetImportParameters requested are different than current active one (requested -> active):
  custom:video-decoder-ogg-theora: a1e56fd34408186e4bbccfd4996cb3dc -> 
  custom:container-muxer-webm: aa71ff27fc2769a1b78a27578f13a17b -> 
  custom:container-demuxer-webm: 4f35f7cbe854078d1ac9338744f61a02 -> 
  custom:container-demuxer-ogg: 62fdf1f143b41e24485cea50d1cbac27 -> 
  custom:video-encoder-webm-vp8: eb34c28f22e8b96e1ab97ce403110664 -> 
  custom:framework-osx-AVFoundation: e770b220cccbd017edd2c1fefb359320 -> 
  custom:video-decoder-webm-vp8: 9c59270c3fd7afecdb556c50c9e8de78 -> 
  custom:audio-decoder-ogg-vorbis: bf7c407c2cedff20999df2af8eb42d56 -> 
  custom:audio-encoder-webm-vorbis: bf7c407c2cedff20999df2af8eb42d56 -> 
========================================================================
Received Import Request.
  path: Assets/Videos/RPReplay_Final1630402531.mov
  artifactKey: Guid(f94e21db134194a5cb2b9e4c59f88ec2) Importer(815301076,1909f56bfc062723c751e8b465ee728b)
Start importing Assets/Videos/RPReplay_Final1630402531.mov using Guid(f94e21db134194a5cb2b9e4c59f88ec2) Importer(815301076,1909f56bfc062723c751e8b465ee728b)  -> (artifact id: 'a2a5e26b17924aad269cdb87f80276d2') in 0.654455 seconds 
  Import took 0.660405 seconds .

========================================================================
Received Import Request.
  Time since last request: 0.000319 seconds.
  path: Assets/Videos/RPReplay_Final1630402429 2.mov
  artifactKey: Guid(ce83b4c5e5fb54f848c13b7395670186) Importer(815301076,1909f56bfc062723c751e8b465ee728b)
Start importing Assets/Videos/RPReplay_Final1630402429 2.mov using Guid(ce83b4c5e5fb54f848c13b7395670186) Importer(815301076,1909f56bfc062723c751e8b465ee728b)  -> (artifact id: 'de7e4a1610c16c5a9fdaa84029eb2cef') in 0.002867 seconds 
  Import took 0.007763 seconds .

========================================================================
Received Import Request.
  Time since last request: 112.168341 seconds.
  path: Assets/Videos/DropBalllTexture.asset
  artifactKey: Guid(444c6328ffc5d46ff80b1f3e51dfd316) Importer(815301076,1909f56bfc062723c751e8b465ee728b)
Start importing Assets/Videos/DropBalllTexture.asset using Guid(444c6328ffc5d46ff80b1f3e51dfd316) Importer(815301076,1909f56bfc062723c751e8b465ee728b)  -> (artifact id: 'e98ee82bf967aee540f793a001614bda') in 0.686591 seconds 
  Import took 0.747865 seconds .

========================================================================
Received Import Request.
  Time since last request: 25.342652 seconds.
  path: Assets/Videos/DropBallTexture.renderTexture
  artifactKey: Guid(2ab251ff26ed944158c68333a7a9e22e) Importer(815301076,1909f56bfc062723c751e8b465ee728b)
Start importing Assets/Videos/DropBallTexture.renderTexture using Guid(2ab251ff26ed944158c68333a7a9e22e) Importer(815301076,1909f56bfc062723c751e8b465ee728b)  -> (artifact id: 'bd2c457497172624f70f1fee203d9b0d') in 0.256554 seconds 
  Import took 0.277498 seconds .

========================================================================
Received Prepare
Registering precompiled user dll's ...
Registered in 0.004950 seconds.
Begin MonoManager ReloadAssembly
Native extension for OSXStandalone target not found
Refreshing native plugins compatible for Editor in 0.87 ms, found 3 plugins.
Preloading 0 native plugins for Editor in 0.00 ms.
Mono: successfully reloaded assembly
- Completed reload, in  2.281 seconds
Platform modules already initialized, skipping
Switching build target platform(2) subTarget(0) extendedPlatform(0) -> platform(9) subTarget(16777218) extendedPlatform(0)
Shader 'Universal Render Pipeline/Particles/Lit': fallback shader 'Universal Render Pipeline/Particles/SimpleLit' not found
Refreshing native plugins compatible for Editor in 0.85 ms, found 3 plugins.
Preloading 0 native plugins for Editor in 0.00 ms.
Unloading 3358 Unused Serialized files (Serialized files now loaded: 0)
System memory in use before: 245.8 MB.
System memory in use after: 245.9 MB.

Unloading 47 unused Assets to reduce memory usage. Loaded Objects now: 3884.
Total: 2.303375 ms (FindLiveObjects: 0.223042 ms CreateObjectMapping: 0.074666 ms MarkObjects: 1.893917 ms  DeleteObjects: 0.110666 ms)

AssetImportParameters requested are different than current active one (requested -> active):
  custom:video-decoder-ogg-theora: a1e56fd34408186e4bbccfd4996cb3dc -> 
  custom:container-muxer-webm: aa71ff27fc2769a1b78a27578f13a17b -> 
  custom:container-demuxer-webm: 4f35f7cbe854078d1ac9338744f61a02 -> 
  custom:container-demuxer-ogg: 62fdf1f143b41e24485cea50d1cbac27 -> 
  custom:video-encoder-webm-vp8: eb34c28f22e8b96e1ab97ce403110664 -> 
  custom:framework-osx-AVFoundation: e770b220cccbd017edd2c1fefb359320 -> 
  custom:video-decoder-webm-vp8: 9c59270c3fd7afecdb556c50c9e8de78 -> 
  custom:graphics/normal-map-encoding: 01000000000000000000000000000000 -> 02000000000000000000000000000000
  custom:audio-decoder-ogg-vorbis: bf7c407c2cedff20999df2af8eb42d56 -> 
  custom:audio-encoder-webm-vorbis: bf7c407c2cedff20999df2af8eb42d56 -> 
========================================================================
Received Import Request.
  Time since last request: 97.017389 seconds.
  path: Assets/Videos/ColorShiftTexture.renderTexture
  artifactKey: Guid(56103278d55aa4a57b80d011dd701d4d) Importer(815301076,1909f56bfc062723c751e8b465ee728b)
Start importing Assets/Videos/ColorShiftTexture.renderTexture using Guid(56103278d55aa4a57b80d011dd701d4d) Importer(815301076,1909f56bfc062723c751e8b465ee728b)  -> (artifact id: '577d83a8fbb6eee96cb1b1f3bfaef586') in 0.097473 seconds 
  Import took 0.102949 seconds .

========================================================================
Received Prepare
Registering precompiled user dll's ...
Registered in 0.005491 seconds.
Begin MonoManager ReloadAssembly
Native extension for OSXStandalone target not found
Refreshing native plugins compatible for Editor in 0.87 ms, found 3 plugins.
Preloading 0 native plugins for Editor in 0.00 ms.
Mono: successfully reloaded assembly
- Completed reload, in  2.336 seconds
Platform modules already initialized, skipping
Switching build target platform(2) subTarget(0) extendedPlatform(0) -> platform(9) subTarget(16777218) extendedPlatform(0)
Shader 'Universal Render Pipeline/Particles/Lit': fallback shader 'Universal Render Pipeline/Particles/SimpleLit' not found
Refreshing native plugins compatible for Editor in 0.81 ms, found 3 plugins.
Preloading 0 native plugins for Editor in 0.00 ms.
Unloading 3358 Unused Serialized files (Serialized files now loaded: 0)
System memory in use before: 246.1 MB.
System memory in use after: 246.2 MB.

Unloading 47 unused Assets to reduce memory usage. Loaded Objects now: 3888.
Total: 2.109292 ms (FindLiveObjects: 0.235166 ms CreateObjectMapping: 0.074084 ms MarkObjects: 1.695625 ms  DeleteObjects: 0.103667 ms)

AssetImportParameters requested are different than current active one (requested -> active):
  custom:video-decoder-ogg-theora: a1e56fd34408186e4bbccfd4996cb3dc -> 
  custom:container-muxer-webm: aa71ff27fc2769a1b78a27578f13a17b -> 
  custom:container-demuxer-webm: 4f35f7cbe854078d1ac9338744f61a02 -> 
  custom:container-demuxer-ogg: 62fdf1f143b41e24485cea50d1cbac27 -> 
  custom:video-encoder-webm-vp8: eb34c28f22e8b96e1ab97ce403110664 -> 
  custom:framework-osx-AVFoundation: e770b220cccbd017edd2c1fefb359320 -> 
  custom:video-decoder-webm-vp8: 9c59270c3fd7afecdb556c50c9e8de78 -> 
  custom:graphics/normal-map-encoding: 01000000000000000000000000000000 -> 02000000000000000000000000000000
  custom:audio-decoder-ogg-vorbis: bf7c407c2cedff20999df2af8eb42d56 -> 
  custom:audio-encoder-webm-vorbis: bf7c407c2cedff20999df2af8eb42d56 -> 
