Using pre-set license
Built from '2020.3/staging' branch; Version is '2020.3.29f1 (2ff179115da0) revision 3142009'; Using compiler version '192528614'; Build Type 'Release'
OS: 'Windows 11  (10.0.22000) 64bit Professional' Language: 'en' Physical Memory: 32694 MB
BatchMode: 1, IsHumanControllingUs: 0, StartBugReporterOnCrash: 0, Is64bit: 1, IsPro: 0

COMMAND LINE ARGUMENTS:
C:\Program Files\Unity\Hub\Editor\2020.3.29f1\Editor\Unity.exe
-adb2
-batchMode
-noUpm
-name
AssetImportWorker0
-projectPath
G:/GitProjects/TrailWars/Trail Wars
-logFile
Logs/AssetImportWorker0.log
-srvPort
60641
Successfully changed project path to: G:/GitProjects/TrailWars/Trail Wars
G:/GitProjects/TrailWars/Trail Wars
Using Asset Import Pipeline V2.
Refreshing native plugins compatible for Editor in 78.79 ms, found 3 plugins.
Preloading 0 native plugins for Editor in 0.00 ms.
Initialize engine version: 2020.3.29f1 (2ff179115da0)
[Subsystems] Discovering subsystems at path C:/Program Files/Unity/Hub/Editor/2020.3.29f1/Editor/Data/Resources/UnitySubsystems
[Subsystems] Discovering subsystems at path G:/GitProjects/TrailWars/Trail Wars/Assets
GfxDevice: creating device client; threaded=0
Direct3D:
    Version:  Direct3D 11.0 [level 11.1]
    Renderer: NVIDIA GeForce RTX 3060 (ID=0x2503)
    Vendor:   
    VRAM:     12143 MB
    Driver:   30.0.14.9729
Initialize mono
Mono path[0] = 'C:/Program Files/Unity/Hub/Editor/2020.3.29f1/Editor/Data/Managed'
Mono path[1] = 'C:/Program Files/Unity/Hub/Editor/2020.3.29f1/Editor/Data/MonoBleedingEdge/lib/mono/unityjit'
Mono config path = 'C:/Program Files/Unity/Hub/Editor/2020.3.29f1/Editor/Data/MonoBleedingEdge/etc'
Using monoOptions --debugger-agent=transport=dt_socket,embedding=1,server=y,suspend=n,address=127.0.0.1:56960
Begin MonoManager ReloadAssembly
Registering precompiled unity dll's ...
Register platform support module: C:/Program Files/Unity/Hub/Editor/2020.3.29f1/Editor/Data/PlaybackEngines/WebGLSupport/UnityEditor.WebGL.Extensions.dll
Register platform support module: C:/Program Files/Unity/Hub/Editor/2020.3.29f1/Editor/Data/PlaybackEngines/WindowsStandaloneSupport/UnityEditor.WindowsStandalone.Extensions.dll
Registered in 0.171701 seconds.
Native extension for WindowsStandalone target not found
Native extension for WebGL target not found
Refreshing native plugins compatible for Editor in 76.04 ms, found 3 plugins.
Preloading 0 native plugins for Editor in 0.00 ms.
Mono: successfully reloaded assembly
- Completed reload, in  2.163 seconds
Domain Reload Profiling:
	ReloadAssembly (2164ms)
		BeginReloadAssembly (1210ms)
			ExecutionOrderSort (0ms)
			DisableScriptedObjects (0ms)
			BackupInstance (0ms)
			ReleaseScriptingObjects (0ms)
			CreateAndSetChildDomain (1ms)
		EndReloadAssembly (669ms)
			LoadAssemblies (1213ms)
			RebuildTransferFunctionScriptingTraits (0ms)
			SetupTypeCache (295ms)
			ReleaseScriptCaches (0ms)
			RebuildScriptCaches (19ms)
			SetupLoadedEditorAssemblies (253ms)
				LogAssemblyErrors (0ms)
				InitializePlatformSupportModulesInManaged (4ms)
				SetLoadedEditorAssemblies (0ms)
				RefreshPlugins (76ms)
				BeforeProcessingInitializeOnLoad (95ms)
				ProcessInitializeOnLoadAttributes (55ms)
				ProcessInitializeOnLoadMethodAttributes (22ms)
				AfterProcessingInitializeOnLoad (0ms)
				EditorAssembliesLoaded (0ms)
			ExecutionOrderSort2 (0ms)
			AwakeInstancesAfterBackupRestoration (0ms)
Platform modules already initialized, skipping
Registering precompiled user dll's ...
Registered in 0.541604 seconds.
Begin MonoManager ReloadAssembly
Native extension for WindowsStandalone target not found
Native extension for WebGL target not found
Refreshing native plugins compatible for Editor in 77.92 ms, found 3 plugins.
Preloading 0 native plugins for Editor in 0.00 ms.
[YodoMas] HttpPost request - {"timestamp":"1645361536158","bundle_id":"com.moyanask.ibg","plugin_version":"4.5.0","platform":"iOS","sign":"df97e6fd787194544dcc102b9c22bc94"}
UnityEngine.StackTraceUtility:ExtractStackTrace ()
UnityEngine.DebugLogHandler:LogFormat (UnityEngine.LogType,UnityEngine.Object,string,object[])
UnityEngine.Logger:Log (UnityEngine.LogType,object)
UnityEngine.Debug:Log (object)
Yodo1.MAS.Yodo1AdAssetsImporter:HttpPost (string,string) (at Assets/Yodo1/MAS/Editor/Scripts/Yodo1AdAssetsImporter.cs:276)
Yodo1.MAS.Yodo1AdAssetsImporter:GetAppInfo (string,string) (at Assets/Yodo1/MAS/Editor/Scripts/Yodo1AdAssetsImporter.cs:265)
Yodo1.MAS.Yodo1AdAssetsImporter:UpdateAppInfo () (at Assets/Yodo1/MAS/Editor/Scripts/Yodo1AdAssetsImporter.cs:195)
Yodo1.MAS.Yodo1AdAssetsImporter:OnProjectLoadedInEditor () (at Assets/Yodo1/MAS/Editor/Scripts/Yodo1AdAssetsImporter.cs:172)
System.Reflection.MonoMethod:Invoke (object,System.Reflection.BindingFlags,System.Reflection.Binder,object[],System.Globalization.CultureInfo)
System.Reflection.MethodBase:Invoke (object,object[])
UnityEditor.EditorAssemblies:ProcessInitializeOnLoadMethodAttributes ()

(Filename: Assets/Yodo1/MAS/Editor/Scripts/Yodo1AdAssetsImporter.cs Line: 276)

[YodoMas] HttpPost Exception.Status - ProtocolError, please check your bundle id or package name.
UnityEngine.StackTraceUtility:ExtractStackTrace ()
UnityEngine.DebugLogHandler:LogFormat (UnityEngine.LogType,UnityEngine.Object,string,object[])
UnityEngine.Logger:Log (UnityEngine.LogType,object)
UnityEngine.Debug:LogWarning (object)
Yodo1.MAS.Yodo1AdAssetsImporter:HttpPost (string,string) (at Assets/Yodo1/MAS/Editor/Scripts/Yodo1AdAssetsImporter.cs:306)
Yodo1.MAS.Yodo1AdAssetsImporter:GetAppInfo (string,string) (at Assets/Yodo1/MAS/Editor/Scripts/Yodo1AdAssetsImporter.cs:265)
Yodo1.MAS.Yodo1AdAssetsImporter:UpdateAppInfo () (at Assets/Yodo1/MAS/Editor/Scripts/Yodo1AdAssetsImporter.cs:195)
Yodo1.MAS.Yodo1AdAssetsImporter:OnProjectLoadedInEditor () (at Assets/Yodo1/MAS/Editor/Scripts/Yodo1AdAssetsImporter.cs:172)
System.Reflection.MonoMethod:Invoke (object,System.Reflection.BindingFlags,System.Reflection.Binder,object[],System.Globalization.CultureInfo)
System.Reflection.MethodBase:Invoke (object,object[])
UnityEditor.EditorAssemblies:ProcessInitializeOnLoadMethodAttributes ()

(Filename: Assets/Yodo1/MAS/Editor/Scripts/Yodo1AdAssetsImporter.cs Line: 306)

Mono: successfully reloaded assembly
- Completed reload, in  5.183 seconds
Domain Reload Profiling:
	ReloadAssembly (5184ms)
		BeginReloadAssembly (108ms)
			ExecutionOrderSort (0ms)
			DisableScriptedObjects (3ms)
			BackupInstance (0ms)
			ReleaseScriptingObjects (0ms)
			CreateAndSetChildDomain (18ms)
		EndReloadAssembly (5036ms)
			LoadAssemblies (1740ms)
			RebuildTransferFunctionScriptingTraits (0ms)
			SetupTypeCache (625ms)
			ReleaseScriptCaches (1ms)
			RebuildScriptCaches (38ms)
			SetupLoadedEditorAssemblies (2516ms)
				LogAssemblyErrors (0ms)
				InitializePlatformSupportModulesInManaged (3ms)
				SetLoadedEditorAssemblies (0ms)
				RefreshPlugins (78ms)
				BeforeProcessingInitializeOnLoad (71ms)
				ProcessInitializeOnLoadAttributes (248ms)
				ProcessInitializeOnLoadMethodAttributes (2111ms)
				AfterProcessingInitializeOnLoad (4ms)
				EditorAssembliesLoaded (0ms)
			ExecutionOrderSort2 (0ms)
			AwakeInstancesAfterBackupRestoration (3ms)
Platform modules already initialized, skipping
========================================================================
Worker process is ready to serve import requests
Launched and connected shader compiler UnityShaderCompiler.exe after 0.06 seconds
Refreshing native plugins compatible for Editor in 1.34 ms, found 3 plugins.
Preloading 0 native plugins for Editor in 0.00 ms.
Unloading 3710 Unused Serialized files (Serialized files now loaded: 0)
System memory in use before: 154.1 MB.
System memory in use after: 154.3 MB.

Unloading 47 unused Assets to reduce memory usage. Loaded Objects now: 4136.
Total: 3.867300 ms (FindLiveObjects: 0.314700 ms CreateObjectMapping: 0.164700 ms MarkObjects: 3.317400 ms  DeleteObjects: 0.069900 ms)

AssetImportParameters requested are different than current active one (requested -> active):
  custom:framework-win-MediaFoundation: 216162199b28c13a410421893ffa2e32 -> 
  custom:video-decoder-ogg-theora: a1e56fd34408186e4bbccfd4996cb3dc -> 
  custom:container-muxer-webm: aa71ff27fc2769a1b78a27578f13a17b -> 
  custom:container-demuxer-webm: 4f35f7cbe854078d1ac9338744f61a02 -> 
  custom:container-demuxer-ogg: 62fdf1f143b41e24485cea50d1cbac27 -> 
  custom:video-encoder-webm-vp8: eb34c28f22e8b96e1ab97ce403110664 -> 
  custom:video-decoder-webm-vp8: 9c59270c3fd7afecdb556c50c9e8de78 -> 
  custom:audio-decoder-ogg-vorbis: bf7c407c2cedff20999df2af8eb42d56 -> 
  custom:audio-encoder-webm-vorbis: bf7c407c2cedff20999df2af8eb42d56 -> 
========================================================================
Received Import Request.
  path: Assets/ExternalDependencyManager/Editor/Google.VersionHandler.dll
  artifactKey: Guid(f895c38a10144a2190fcd0a62357adcf) Importer(815301076,1909f56bfc062723c751e8b465ee728b)
Start importing Assets/ExternalDependencyManager/Editor/Google.VersionHandler.dll using Guid(f895c38a10144a2190fcd0a62357adcf) Importer(815301076,1909f56bfc062723c751e8b465ee728b)  -> (artifact id: '71be674f815b2314e74509dd66ebc5ea') in 0.045322 seconds 
  Import took 0.050125 seconds .

========================================================================
Received Import Request.
  Time since last request: 23.283603 seconds.
  path: Assets/ExternalDependencyManager/Editor/README.md
  artifactKey: Guid(514ffb7a5a644965a15c59eb073f687a) Importer(815301076,1909f56bfc062723c751e8b465ee728b)
Start importing Assets/ExternalDependencyManager/Editor/README.md using Guid(514ffb7a5a644965a15c59eb073f687a) Importer(815301076,1909f56bfc062723c751e8b465ee728b)  -> (artifact id: 'dbcadfbf1613c671757fd6218a900dd7') in 0.017055 seconds 
  Import took 0.024162 seconds .

========================================================================
Received Import Request.
  Time since last request: 6.614654 seconds.
  path: Assets/ExternalDependencyManager/Editor/Google.VersionHandler.dll
  artifactKey: Guid(f895c38a10144a2190fcd0a62357adcf) Importer(815301076,1909f56bfc062723c751e8b465ee728b)
Start importing Assets/ExternalDependencyManager/Editor/Google.VersionHandler.dll using Guid(f895c38a10144a2190fcd0a62357adcf) Importer(815301076,1909f56bfc062723c751e8b465ee728b)  -> (artifact id: 'bbc58a788af328dca0c326b95df3d8de') in 0.002685 seconds 
  Import took 0.009490 seconds .

========================================================================
Received Import Request.
  Time since last request: 2.744998 seconds.
  path: Assets/ExternalDependencyManager/Editor/Google.VersionHandler.dll
  artifactKey: Guid(f895c38a10144a2190fcd0a62357adcf) Importer(815301076,1909f56bfc062723c751e8b465ee728b)
Start importing Assets/ExternalDependencyManager/Editor/Google.VersionHandler.dll using Guid(f895c38a10144a2190fcd0a62357adcf) Importer(815301076,1909f56bfc062723c751e8b465ee728b)  -> (artifact id: '5659537dd082ed52fe390f2fd72b5ed8') in 0.002561 seconds 
  Import took 0.008567 seconds .

========================================================================
Received Prepare
Registering precompiled user dll's ...
Registered in 0.002982 seconds.
Begin MonoManager ReloadAssembly
Native extension for WindowsStandalone target not found
Native extension for WebGL target not found
Refreshing native plugins compatible for Editor in 1.37 ms, found 3 plugins.
Preloading 0 native plugins for Editor in 0.00 ms.
[YodoMas] Creating new Yodo1AdSettings.asset
UnityEngine.StackTraceUtility:ExtractStackTrace ()
UnityEngine.DebugLogHandler:LogFormat (UnityEngine.LogType,UnityEngine.Object,string,object[])
UnityEngine.Logger:Log (UnityEngine.LogType,object)
UnityEngine.Debug:Log (object)
Yodo1.MAS.Yodo1AdSettingsSave:Load () (at Assets/Yodo1/MAS/Editor/Scripts/Yodo1AdSettingsSave.cs:22)
Yodo1.MAS.Yodo1AdAssetsImporter:UpdateAppInfo () (at Assets/Yodo1/MAS/Editor/Scripts/Yodo1AdAssetsImporter.cs:182)
Yodo1.MAS.Yodo1AdAssetsImporter:OnProjectLoadedInEditor () (at Assets/Yodo1/MAS/Editor/Scripts/Yodo1AdAssetsImporter.cs:172)
System.Reflection.MonoMethod:Invoke (object,System.Reflection.BindingFlags,System.Reflection.Binder,object[],System.Globalization.CultureInfo)
System.Reflection.MethodBase:Invoke (object,object[])
UnityEditor.EditorAssemblies:ProcessInitializeOnLoadMethodAttributes ()

(Filename: Assets/Yodo1/MAS/Editor/Scripts/Yodo1AdSettingsSave.cs Line: 22)

CreateSerializedAsset is not supported while importing out-of-process
UnityEngine.StackTraceUtility:ExtractStackTrace ()
Yodo1.MAS.Yodo1AdSettingsSave:Load () (at Assets/Yodo1/MAS/Editor/Scripts/Yodo1AdSettingsSave.cs:28)
Yodo1.MAS.Yodo1AdAssetsImporter:UpdateAppInfo () (at Assets/Yodo1/MAS/Editor/Scripts/Yodo1AdAssetsImporter.cs:182)
Yodo1.MAS.Yodo1AdAssetsImporter:OnProjectLoadedInEditor () (at Assets/Yodo1/MAS/Editor/Scripts/Yodo1AdAssetsImporter.cs:172)
System.Reflection.MonoMethod:Invoke (object,System.Reflection.BindingFlags,System.Reflection.Binder,object[],System.Globalization.CultureInfo)
System.Reflection.MethodBase:Invoke (object,object[])
UnityEditor.EditorAssemblies:ProcessInitializeOnLoadMethodAttributes ()

[Assets/Yodo1/MAS/Editor/Scripts/Yodo1AdSettingsSave.cs line 28]

[YodoMas] Failed to create the Yodo1 Ad Settings asset.
UnityEngine.StackTraceUtility:ExtractStackTrace ()
UnityEngine.DebugLogHandler:LogFormat (UnityEngine.LogType,UnityEngine.Object,string,object[])
UnityEngine.Logger:Log (UnityEngine.LogType,object)
UnityEngine.Debug:LogError (object)
Yodo1.MAS.Yodo1AdSettingsSave:Load () (at Assets/Yodo1/MAS/Editor/Scripts/Yodo1AdSettingsSave.cs:37)
Yodo1.MAS.Yodo1AdAssetsImporter:UpdateAppInfo () (at Assets/Yodo1/MAS/Editor/Scripts/Yodo1AdAssetsImporter.cs:182)
Yodo1.MAS.Yodo1AdAssetsImporter:OnProjectLoadedInEditor () (at Assets/Yodo1/MAS/Editor/Scripts/Yodo1AdAssetsImporter.cs:172)
System.Reflection.MonoMethod:Invoke (object,System.Reflection.BindingFlags,System.Reflection.Binder,object[],System.Globalization.CultureInfo)
System.Reflection.MethodBase:Invoke (object,object[])
UnityEditor.EditorAssemblies:ProcessInitializeOnLoadMethodAttributes ()

(Filename: Assets/Yodo1/MAS/Editor/Scripts/Yodo1AdSettingsSave.cs Line: 37)

[YodoMas] HttpPost request - {"timestamp":"1645361584971","bundle_id":"com.MoyanaSK.ImpossibleBallGames","plugin_version":"4.5.0","platform":"android","sign":"60a15f28a9ea5d9c8eba236c42d71006"}
UnityEngine.StackTraceUtility:ExtractStackTrace ()
UnityEngine.DebugLogHandler:LogFormat (UnityEngine.LogType,UnityEngine.Object,string,object[])
UnityEngine.Logger:Log (UnityEngine.LogType,object)
UnityEngine.Debug:Log (object)
Yodo1.MAS.Yodo1AdAssetsImporter:HttpPost (string,string) (at Assets/Yodo1/MAS/Editor/Scripts/Yodo1AdAssetsImporter.cs:276)
Yodo1.MAS.Yodo1AdAssetsImporter:GetAppInfo (string,string) (at Assets/Yodo1/MAS/Editor/Scripts/Yodo1AdAssetsImporter.cs:265)
Yodo1.MAS.Yodo1AdAssetsImporter:UpdateAppInfo () (at Assets/Yodo1/MAS/Editor/Scripts/Yodo1AdAssetsImporter.cs:188)
Yodo1.MAS.Yodo1AdAssetsImporter:OnProjectLoadedInEditor () (at Assets/Yodo1/MAS/Editor/Scripts/Yodo1AdAssetsImporter.cs:172)
System.Reflection.MonoMethod:Invoke (object,System.Reflection.BindingFlags,System.Reflection.Binder,object[],System.Globalization.CultureInfo)
System.Reflection.MethodBase:Invoke (object,object[])
UnityEditor.EditorAssemblies:ProcessInitializeOnLoadMethodAttributes ()

(Filename: Assets/Yodo1/MAS/Editor/Scripts/Yodo1AdAssetsImporter.cs Line: 276)

[YodoMas] Response.StatusCode: OK
UnityEngine.StackTraceUtility:ExtractStackTrace ()
UnityEngine.DebugLogHandler:LogFormat (UnityEngine.LogType,UnityEngine.Object,string,object[])
UnityEngine.Logger:Log (UnityEngine.LogType,object)
UnityEngine.Debug:Log (object)
Yodo1.MAS.Yodo1AdAssetsImporter:HttpPost (string,string) (at Assets/Yodo1/MAS/Editor/Scripts/Yodo1AdAssetsImporter.cs:291)
Yodo1.MAS.Yodo1AdAssetsImporter:GetAppInfo (string,string) (at Assets/Yodo1/MAS/Editor/Scripts/Yodo1AdAssetsImporter.cs:265)
Yodo1.MAS.Yodo1AdAssetsImporter:UpdateAppInfo () (at Assets/Yodo1/MAS/Editor/Scripts/Yodo1AdAssetsImporter.cs:188)
Yodo1.MAS.Yodo1AdAssetsImporter:OnProjectLoadedInEditor () (at Assets/Yodo1/MAS/Editor/Scripts/Yodo1AdAssetsImporter.cs:172)
System.Reflection.MonoMethod:Invoke (object,System.Reflection.BindingFlags,System.Reflection.Binder,object[],System.Globalization.CultureInfo)
System.Reflection.MethodBase:Invoke (object,object[])
UnityEditor.EditorAssemblies:ProcessInitializeOnLoadMethodAttributes ()

(Filename: Assets/Yodo1/MAS/Editor/Scripts/Yodo1AdAssetsImporter.cs Line: 291)

[YodoMas] HttpPost result - {"name":"Impossible Ball Games","app_key":"Qq3nk3emzb","platform":"android","bundle_id":"com.MoyanaSK.ImpossibleBallGames","admob_key":"ca-app-pub-5333220833779174~3410871634"}
UnityEngine.StackTraceUtility:ExtractStackTrace ()
UnityEngine.DebugLogHandler:LogFormat (UnityEngine.LogType,UnityEngine.Object,string,object[])
UnityEngine.Logger:Log (UnityEngine.LogType,object)
UnityEngine.Debug:Log (object)
Yodo1.MAS.Yodo1AdAssetsImporter:HttpPost (string,string) (at Assets/Yodo1/MAS/Editor/Scripts/Yodo1AdAssetsImporter.cs:299)
Yodo1.MAS.Yodo1AdAssetsImporter:GetAppInfo (string,string) (at Assets/Yodo1/MAS/Editor/Scripts/Yodo1AdAssetsImporter.cs:265)
Yodo1.MAS.Yodo1AdAssetsImporter:UpdateAppInfo () (at Assets/Yodo1/MAS/Editor/Scripts/Yodo1AdAssetsImporter.cs:188)
Yodo1.MAS.Yodo1AdAssetsImporter:OnProjectLoadedInEditor () (at Assets/Yodo1/MAS/Editor/Scripts/Yodo1AdAssetsImporter.cs:172)
System.Reflection.MonoMethod:Invoke (object,System.Reflection.BindingFlags,System.Reflection.Binder,object[],System.Globalization.CultureInfo)
System.Reflection.MethodBase:Invoke (object,object[])
UnityEditor.EditorAssemblies:ProcessInitializeOnLoadMethodAttributes ()

(Filename: Assets/Yodo1/MAS/Editor/Scripts/Yodo1AdAssetsImporter.cs Line: 299)

[YodoMas] HttpPost request - {"timestamp":"1645361586040","bundle_id":"com.moyanask.ibg","plugin_version":"4.5.0","platform":"iOS","sign":"4ae33a518b22158803ece3a953d409e3"}
UnityEngine.StackTraceUtility:ExtractStackTrace ()
UnityEngine.DebugLogHandler:LogFormat (UnityEngine.LogType,UnityEngine.Object,string,object[])
UnityEngine.Logger:Log (UnityEngine.LogType,object)
UnityEngine.Debug:Log (object)
Yodo1.MAS.Yodo1AdAssetsImporter:HttpPost (string,string) (at Assets/Yodo1/MAS/Editor/Scripts/Yodo1AdAssetsImporter.cs:276)
Yodo1.MAS.Yodo1AdAssetsImporter:GetAppInfo (string,string) (at Assets/Yodo1/MAS/Editor/Scripts/Yodo1AdAssetsImporter.cs:265)
Yodo1.MAS.Yodo1AdAssetsImporter:UpdateAppInfo () (at Assets/Yodo1/MAS/Editor/Scripts/Yodo1AdAssetsImporter.cs:195)
Yodo1.MAS.Yodo1AdAssetsImporter:OnProjectLoadedInEditor () (at Assets/Yodo1/MAS/Editor/Scripts/Yodo1AdAssetsImporter.cs:172)
System.Reflection.MonoMethod:Invoke (object,System.Reflection.BindingFlags,System.Reflection.Binder,object[],System.Globalization.CultureInfo)
System.Reflection.MethodBase:Invoke (object,object[])
UnityEditor.EditorAssemblies:ProcessInitializeOnLoadMethodAttributes ()

(Filename: Assets/Yodo1/MAS/Editor/Scripts/Yodo1AdAssetsImporter.cs Line: 276)

[YodoMas] HttpPost Exception.Status - ProtocolError, please check your bundle id or package name.
UnityEngine.StackTraceUtility:ExtractStackTrace ()
UnityEngine.DebugLogHandler:LogFormat (UnityEngine.LogType,UnityEngine.Object,string,object[])
UnityEngine.Logger:Log (UnityEngine.LogType,object)
UnityEngine.Debug:LogWarning (object)
Yodo1.MAS.Yodo1AdAssetsImporter:HttpPost (string,string) (at Assets/Yodo1/MAS/Editor/Scripts/Yodo1AdAssetsImporter.cs:306)
Yodo1.MAS.Yodo1AdAssetsImporter:GetAppInfo (string,string) (at Assets/Yodo1/MAS/Editor/Scripts/Yodo1AdAssetsImporter.cs:265)
Yodo1.MAS.Yodo1AdAssetsImporter:UpdateAppInfo () (at Assets/Yodo1/MAS/Editor/Scripts/Yodo1AdAssetsImporter.cs:195)
Yodo1.MAS.Yodo1AdAssetsImporter:OnProjectLoadedInEditor () (at Assets/Yodo1/MAS/Editor/Scripts/Yodo1AdAssetsImporter.cs:172)
System.Reflection.MonoMethod:Invoke (object,System.Reflection.BindingFlags,System.Reflection.Binder,object[],System.Globalization.CultureInfo)
System.Reflection.MethodBase:Invoke (object,object[])
UnityEditor.EditorAssemblies:ProcessInitializeOnLoadMethodAttributes ()

(Filename: Assets/Yodo1/MAS/Editor/Scripts/Yodo1AdAssetsImporter.cs Line: 306)

Mono: successfully reloaded assembly
- Completed reload, in  2.094 seconds
Domain Reload Profiling:
	ReloadAssembly (2095ms)
		BeginReloadAssembly (95ms)
			ExecutionOrderSort (0ms)
			DisableScriptedObjects (4ms)
			BackupInstance (0ms)
			ReleaseScriptingObjects (0ms)
			CreateAndSetChildDomain (36ms)
		EndReloadAssembly (1958ms)
			LoadAssemblies (67ms)
			RebuildTransferFunctionScriptingTraits (0ms)
			SetupTypeCache (223ms)
			ReleaseScriptCaches (1ms)
			RebuildScriptCaches (30ms)
			SetupLoadedEditorAssemblies (1556ms)
				LogAssemblyErrors (0ms)
				InitializePlatformSupportModulesInManaged (3ms)
				SetLoadedEditorAssemblies (0ms)
				RefreshPlugins (1ms)
				BeforeProcessingInitializeOnLoad (66ms)
				ProcessInitializeOnLoadAttributes (164ms)
				ProcessInitializeOnLoadMethodAttributes (1317ms)
				AfterProcessingInitializeOnLoad (4ms)
				EditorAssembliesLoaded (0ms)
			ExecutionOrderSort2 (0ms)
			AwakeInstancesAfterBackupRestoration (8ms)
Platform modules already initialized, skipping
Switching build target platform(19) subTarget(0) extendedPlatform(0) -> platform(13) subTarget(537395200) extendedPlatform(0)
Refreshing native plugins compatible for Editor in 1.34 ms, found 3 plugins.
Preloading 0 native plugins for Editor in 0.00 ms.
Unloading 3598 Unused Serialized files (Serialized files now loaded: 0)
System memory in use before: 145.2 MB.
System memory in use after: 145.5 MB.

Unloading 37 unused Assets to reduce memory usage. Loaded Objects now: 4141.
Total: 3.596200 ms (FindLiveObjects: 0.266400 ms CreateObjectMapping: 0.104500 ms MarkObjects: 3.197800 ms  DeleteObjects: 0.026900 ms)

AssetImportParameters requested are different than current active one (requested -> active):
  custom:framework-win-MediaFoundation: 216162199b28c13a410421893ffa2e32 -> 
  custom:video-decoder-ogg-theora: a1e56fd34408186e4bbccfd4996cb3dc -> 
  custom:container-muxer-webm: aa71ff27fc2769a1b78a27578f13a17b -> 
  custom:container-demuxer-webm: 4f35f7cbe854078d1ac9338744f61a02 -> 
  custom:container-demuxer-ogg: 62fdf1f143b41e24485cea50d1cbac27 -> 
  custom:video-encoder-webm-vp8: eb34c28f22e8b96e1ab97ce403110664 -> 
  custom:video-decoder-webm-vp8: 9c59270c3fd7afecdb556c50c9e8de78 -> 
  custom:graphics/normal-map-encoding: 01000000000000000000000000000000 -> 02000000000000000000000000000000
  custom:audio-decoder-ogg-vorbis: bf7c407c2cedff20999df2af8eb42d56 -> 
  custom:audio-encoder-webm-vorbis: bf7c407c2cedff20999df2af8eb42d56 -> 
========================================================================
Received Import Request.
  Time since last request: 51.342996 seconds.
  path: Assets/Extensions/CloudOnce/readme.txt
  artifactKey: Guid(ea11573737a0dad42ae322a4c1b09936) Importer(815301076,1909f56bfc062723c751e8b465ee728b)
Start importing Assets/Extensions/CloudOnce/readme.txt using Guid(ea11573737a0dad42ae322a4c1b09936) Importer(815301076,1909f56bfc062723c751e8b465ee728b)  -> (artifact id: 'ab3c039f87179ed1253923711d8f9806') in 0.023271 seconds 
  Import took 0.028424 seconds .

