Using pre-set license

 COMMAND LINE ARGUMENTS:
/Applications/Unity/Hub/Editor/2020.3.12f1/Unity.app/Contents/MacOS/Unity
-adb2
-batchMode
-noUpm
-name
AssetImportWorker0
-projectPath
/Users/simonkm/Documents/GitHub/TrailWars/Trail Wars
-logFile
Logs/AssetImportWorker0.log
-srvPort
59575
Successfully changed project path to: /Users/simonkm/Documents/GitHub/TrailWars/Trail Wars
/Users/simonkm/Documents/GitHub/TrailWars/Trail Wars
Using Asset Import Pipeline V2.
Refreshing native plugins compatible for Editor in 67.28 ms, found 3 plugins.
Preloading 0 native plugins for Editor in 0.00 ms.
Initialize engine version: 2020.3.12f1 (b3b2c6512326)
[Subsystems] Discovering subsystems at path /Applications/Unity/Hub/Editor/2020.3.12f1/Unity.app/Contents/Resources/UnitySubsystems
[Subsystems] Discovering subsystems at path /Users/simonkm/Documents/GitHub/TrailWars/Trail Wars/Assets
GfxDevice: creating device client; threaded=0
2021-08-24 13:23:49.551 Unity[21941:727805] (null) preferred device: Apple M1 (high power)
2021-08-24 13:23:49.551 Unity[21941:727805] Metal devices available: 1
2021-08-24 13:23:49.551 Unity[21941:727805] 0: Apple M1 (high power)
2021-08-24 13:23:49.552 Unity[21941:727805] Using device Apple M1 (high power)
Initializing Metal device caps: Apple M1
Shader 'Universal Render Pipeline/Particles/Lit': fallback shader 'Universal Render Pipeline/Particles/SimpleLit' not found
Initialize mono
Mono path[0] = '/Applications/Unity/Hub/Editor/2020.3.12f1/Unity.app/Contents/Managed'
Mono path[1] = '/Applications/Unity/Hub/Editor/2020.3.12f1/Unity.app/Contents/MonoBleedingEdge/lib/mono/unityjit'
Mono config path = '/Applications/Unity/Hub/Editor/2020.3.12f1/Unity.app/Contents/MonoBleedingEdge/etc'
Using monoOptions --debugger-agent=transport=dt_socket,embedding=1,server=y,suspend=n,address=127.0.0.1:56941
Begin MonoManager ReloadAssembly
Registering precompiled unity dll's ...
Register platform support module: /Applications/Unity/Hub/Editor/2020.3.12f1/Unity.app/Contents/PlaybackEngines/MacStandaloneSupport/UnityEditor.OSXStandalone.Extensions.dll
Registered in 0.001481 seconds.
Native extension for OSXStandalone target not found
Refreshing native plugins compatible for Editor in 61.07 ms, found 3 plugins.
Preloading 0 native plugins for Editor in 0.00 ms.
Mono: successfully reloaded assembly
- Completed reload, in  4.025 seconds
Platform modules already initialized, skipping
Registering precompiled user dll's ...
Registered in 0.004332 seconds.
Begin MonoManager ReloadAssembly
Native extension for OSXStandalone target not found
Refreshing native plugins compatible for Editor in 61.78 ms, found 3 plugins.
Preloading 0 native plugins for Editor in 0.00 ms.
Mono: successfully reloaded assembly
- Completed reload, in  2.612 seconds
Platform modules already initialized, skipping
========================================================================
Worker process is ready to serve import requests
Shader 'Universal Render Pipeline/Particles/Lit': fallback shader 'Universal Render Pipeline/Particles/SimpleLit' not found
Launching external process: /Applications/Unity/Hub/Editor/2020.3.12f1/Unity.app/Contents/Tools/UnityShaderCompiler
Launched and connected shader compiler UnityShaderCompiler after 0.04 seconds
Refreshing native plugins compatible for Editor in 0.75 ms, found 3 plugins.
Preloading 0 native plugins for Editor in 0.00 ms.
Unloading 3445 Unused Serialized files (Serialized files now loaded: 0)
System memory in use before: 236.5 MB.
System memory in use after: 236.6 MB.

Unloading 59 unused Assets to reduce memory usage. Loaded Objects now: 3854.
Total: 2.126375 ms (FindLiveObjects: 0.257958 ms CreateObjectMapping: 0.078334 ms MarkObjects: 1.653583 ms  DeleteObjects: 0.135666 ms)

AssetImportParameters requested are different than current active one (requested -> active):
  custom:video-decoder-ogg-theora: a1e56fd34408186e4bbccfd4996cb3dc -> 
  custom:container-muxer-webm: aa71ff27fc2769a1b78a27578f13a17b -> 
  custom:container-demuxer-webm: 4f35f7cbe854078d1ac9338744f61a02 -> 
  custom:container-demuxer-ogg: 62fdf1f143b41e24485cea50d1cbac27 -> 
  custom:video-encoder-webm-vp8: eb34c28f22e8b96e1ab97ce403110664 -> 
  custom:framework-osx-AVFoundation: e770b220cccbd017edd2c1fefb359320 -> 
  custom:video-decoder-webm-vp8: 9c59270c3fd7afecdb556c50c9e8de78 -> 
  custom:audio-decoder-ogg-vorbis: bf7c407c2cedff20999df2af8eb42d56 -> 
  custom:audio-encoder-webm-vorbis: bf7c407c2cedff20999df2af8eb42d56 -> 
========================================================================
Received Import Request.
  path: Assets/Prefabs/Players/ABPlayer.prefab
  artifactKey: Guid(0852c11b5b0194ddbbab5f191e055c7d) Importer(815301076,1909f56bfc062723c751e8b465ee728b)
Start importing Assets/Prefabs/Players/ABPlayer.prefab using Guid(0852c11b5b0194ddbbab5f191e055c7d) Importer(815301076,1909f56bfc062723c751e8b465ee728b)  -> (artifact id: '59b97bebcbadb4a312990914ba257e21') in 1.411924 seconds 
  Import took 1.418740 seconds .

========================================================================
Received Import Request.
  Time since last request: 0.000460 seconds.
  path: Assets/Prefabs/Players/CSPlayer.prefab
  artifactKey: Guid(2752eba6b98644d5298321bc435a5b1e) Importer(815301076,1909f56bfc062723c751e8b465ee728b)
Start importing Assets/Prefabs/Players/CSPlayer.prefab using Guid(2752eba6b98644d5298321bc435a5b1e) Importer(815301076,1909f56bfc062723c751e8b465ee728b)  -> (artifact id: '9c09b9ff00cbef8c3429ab2a1b512b8b') in 0.022746 seconds 
  Import took 0.028691 seconds .

========================================================================
Received Import Request.
  Time since last request: 6.061060 seconds.
  path: Assets/Prefabs/Players/DBPlayer.prefab
  artifactKey: Guid(8933386d65b99434ca6a4e5f91663f6b) Importer(815301076,1909f56bfc062723c751e8b465ee728b)
Start importing Assets/Prefabs/Players/DBPlayer.prefab using Guid(8933386d65b99434ca6a4e5f91663f6b) Importer(815301076,1909f56bfc062723c751e8b465ee728b)  -> (artifact id: '78ee9d5f847543d6691f431ba33a790a') in 0.011302 seconds 
  Import took 0.017811 seconds .

========================================================================
Received Prepare
Registering precompiled user dll's ...
Registered in 0.004617 seconds.
Begin MonoManager ReloadAssembly
Native extension for OSXStandalone target not found
Refreshing native plugins compatible for Editor in 0.74 ms, found 3 plugins.
Preloading 0 native plugins for Editor in 0.00 ms.
Mono: successfully reloaded assembly
- Completed reload, in  2.608 seconds
Platform modules already initialized, skipping
Switching build target platform(2) subTarget(0) extendedPlatform(0) -> platform(9) subTarget(16777218) extendedPlatform(0)
Shader 'Universal Render Pipeline/Particles/Lit': fallback shader 'Universal Render Pipeline/Particles/SimpleLit' not found
Refreshing native plugins compatible for Editor in 0.81 ms, found 3 plugins.
Preloading 0 native plugins for Editor in 0.00 ms.
Unloading 3339 Unused Serialized files (Serialized files now loaded: 0)
System memory in use before: 239.2 MB.
System memory in use after: 239.4 MB.

Unloading 47 unused Assets to reduce memory usage. Loaded Objects now: 3903.
Total: 2.980917 ms (FindLiveObjects: 0.251792 ms CreateObjectMapping: 0.074458 ms MarkObjects: 2.543208 ms  DeleteObjects: 0.110625 ms)

AssetImportParameters requested are different than current active one (requested -> active):
  custom:video-decoder-ogg-theora: a1e56fd34408186e4bbccfd4996cb3dc -> 
  custom:container-muxer-webm: aa71ff27fc2769a1b78a27578f13a17b -> 
  custom:container-demuxer-webm: 4f35f7cbe854078d1ac9338744f61a02 -> 
  custom:container-demuxer-ogg: 62fdf1f143b41e24485cea50d1cbac27 -> 
  custom:video-encoder-webm-vp8: eb34c28f22e8b96e1ab97ce403110664 -> 
  custom:framework-osx-AVFoundation: e770b220cccbd017edd2c1fefb359320 -> 
  custom:video-decoder-webm-vp8: 9c59270c3fd7afecdb556c50c9e8de78 -> 
  custom:graphics/normal-map-encoding: 01000000000000000000000000000000 -> 02000000000000000000000000000000
  custom:audio-decoder-ogg-vorbis: bf7c407c2cedff20999df2af8eb42d56 -> 
  custom:audio-encoder-webm-vorbis: bf7c407c2cedff20999df2af8eb42d56 -> 
========================================================================
Received Import Request.
  Time since last request: 38.462614 seconds.
  path: Assets/Prefabs/Players/CSPlayer.prefab
  artifactKey: Guid(2752eba6b98644d5298321bc435a5b1e) Importer(815301076,1909f56bfc062723c751e8b465ee728b)
Start importing Assets/Prefabs/Players/CSPlayer.prefab using Guid(2752eba6b98644d5298321bc435a5b1e) Importer(815301076,1909f56bfc062723c751e8b465ee728b)  -> (artifact id: '162e9ef1c928503b99607a8e4a829a71') in 0.526852 seconds 
  Import took 0.533391 seconds .

========================================================================
Received Import Request.
  Time since last request: 54.397041 seconds.
  path: Assets/Prefabs/CSPrefabs
  artifactKey: Guid(a1a811317d38b49b58f3a3099c0a383b) Importer(815301076,1909f56bfc062723c751e8b465ee728b)
Start importing Assets/Prefabs/CSPrefabs using Guid(a1a811317d38b49b58f3a3099c0a383b) Importer(815301076,1909f56bfc062723c751e8b465ee728b)  -> (artifact id: '50e34c4a5a9f7e444f59f8f7a8f2a1df') in 0.002169 seconds 
  Import took 0.007683 seconds .

========================================================================
Received Import Request.
  Time since last request: 3.250489 seconds.
  path: Assets/Prefabs/CSPrefabs/SwitchPoint.prefab
  artifactKey: Guid(df68c89982aea47ebb486eead30b54ed) Importer(815301076,1909f56bfc062723c751e8b465ee728b)
Start importing Assets/Prefabs/CSPrefabs/SwitchPoint.prefab using Guid(df68c89982aea47ebb486eead30b54ed) Importer(815301076,1909f56bfc062723c751e8b465ee728b)  -> (artifact id: '72e3cbbb5e3e019b3fb03c891fc6550a') in 0.039935 seconds 
  Import took 0.045807 seconds .

========================================================================
Received Import Request.
  Time since last request: 0.024214 seconds.
  path: Assets/Prefabs/CSPrefabs/SwitchPoint.prefab
  artifactKey: Guid(df68c89982aea47ebb486eead30b54ed) Importer(815301076,1909f56bfc062723c751e8b465ee728b)
Start importing Assets/Prefabs/CSPrefabs/SwitchPoint.prefab using Guid(df68c89982aea47ebb486eead30b54ed) Importer(815301076,1909f56bfc062723c751e8b465ee728b)  -> (artifact id: '72e3cbbb5e3e019b3fb03c891fc6550a') in 0.007258 seconds 
  Import took 0.013524 seconds .

========================================================================
Received Prepare
Registering precompiled user dll's ...
Registered in 0.004507 seconds.
Begin MonoManager ReloadAssembly
Native extension for OSXStandalone target not found
Refreshing native plugins compatible for Editor in 0.82 ms, found 3 plugins.
Preloading 0 native plugins for Editor in 0.00 ms.
Mono: successfully reloaded assembly
- Completed reload, in  2.578 seconds
Platform modules already initialized, skipping
Switching build target platform(2) subTarget(0) extendedPlatform(0) -> platform(9) subTarget(16777218) extendedPlatform(0)
Shader 'Universal Render Pipeline/Particles/Lit': fallback shader 'Universal Render Pipeline/Particles/SimpleLit' not found
Refreshing native plugins compatible for Editor in 0.70 ms, found 3 plugins.
Preloading 0 native plugins for Editor in 0.00 ms.
Unloading 3339 Unused Serialized files (Serialized files now loaded: 0)
System memory in use before: 239.7 MB.
System memory in use after: 239.8 MB.

Unloading 47 unused Assets to reduce memory usage. Loaded Objects now: 3943.
Total: 2.131542 ms (FindLiveObjects: 0.230125 ms CreateObjectMapping: 0.075000 ms MarkObjects: 1.710208 ms  DeleteObjects: 0.115250 ms)

AssetImportParameters requested are different than current active one (requested -> active):
  custom:video-decoder-ogg-theora: a1e56fd34408186e4bbccfd4996cb3dc -> 
  custom:container-muxer-webm: aa71ff27fc2769a1b78a27578f13a17b -> 
  custom:container-demuxer-webm: 4f35f7cbe854078d1ac9338744f61a02 -> 
  custom:container-demuxer-ogg: 62fdf1f143b41e24485cea50d1cbac27 -> 
  custom:video-encoder-webm-vp8: eb34c28f22e8b96e1ab97ce403110664 -> 
  custom:framework-osx-AVFoundation: e770b220cccbd017edd2c1fefb359320 -> 
  custom:video-decoder-webm-vp8: 9c59270c3fd7afecdb556c50c9e8de78 -> 
  custom:graphics/normal-map-encoding: 01000000000000000000000000000000 -> 02000000000000000000000000000000
  custom:audio-decoder-ogg-vorbis: bf7c407c2cedff20999df2af8eb42d56 -> 
  custom:audio-encoder-webm-vorbis: bf7c407c2cedff20999df2af8eb42d56 -> 
========================================================================
Received Import Request.
  Time since last request: 175.155156 seconds.
  path: Assets/Scenes/CS Levels/CS Level 5.unity
  artifactKey: Guid(179777c9665de489eadb1942e0639adc) Importer(815301076,1909f56bfc062723c751e8b465ee728b)
Start importing Assets/Scenes/CS Levels/CS Level 5.unity using Guid(179777c9665de489eadb1942e0639adc) Importer(815301076,1909f56bfc062723c751e8b465ee728b)  -> (artifact id: '961b6d8e693387d0351b64c9300a6701') in 0.025378 seconds 
  Import took 0.032416 seconds .

========================================================================
Received Import Request.
  Time since last request: 40.776698 seconds.
  path: Assets/Scenes/CS Levels/CS Endless.unity
  artifactKey: Guid(acfa1cae24825475a9f10bef4b684ff0) Importer(815301076,1909f56bfc062723c751e8b465ee728b)
Start importing Assets/Scenes/CS Levels/CS Endless.unity using Guid(acfa1cae24825475a9f10bef4b684ff0) Importer(815301076,1909f56bfc062723c751e8b465ee728b)  -> (artifact id: '97e9e1c472863fbaaf178ec6400ea309') in 0.001965 seconds 
  Import took 0.008440 seconds .

