Using pre-set license

 COMMAND LINE ARGUMENTS:
/Applications/Unity/Hub/Editor/2020.3.12f1/Unity.app/Contents/MacOS/Unity
-adb2
-batchMode
-noUpm
-name
AssetImportWorker2
-projectPath
/Users/simonkm/Documents/GitHub/TrailWars/Trail Wars
-logFile
Logs/AssetImportWorker2.log
-srvPort
62845
Successfully changed project path to: /Users/simonkm/Documents/GitHub/TrailWars/Trail Wars
/Users/simonkm/Documents/GitHub/TrailWars/Trail Wars
Using Asset Import Pipeline V2.
Refreshing native plugins compatible for Editor in 86.14 ms, found 3 plugins.
Preloading 0 native plugins for Editor in 0.00 ms.
Initialize engine version: 2020.3.12f1 (b3b2c6512326)
[Subsystems] Discovering subsystems at path /Applications/Unity/Hub/Editor/2020.3.12f1/Unity.app/Contents/Resources/UnitySubsystems
[Subsystems] Discovering subsystems at path /Users/simonkm/Documents/GitHub/TrailWars/Trail Wars/Assets
GfxDevice: creating device client; threaded=0
2021-09-07 12:13:06.564 Unity[89843:3095070] (null) preferred device: Apple M1 (high power)
2021-09-07 12:13:06.564 Unity[89843:3095070] Metal devices available: 1
2021-09-07 12:13:06.564 Unity[89843:3095070] 0: Apple M1 (high power)
2021-09-07 12:13:06.564 Unity[89843:3095070] Using device Apple M1 (high power)
Initializing Metal device caps: Apple M1
Shader 'Universal Render Pipeline/Particles/Lit': fallback shader 'Universal Render Pipeline/Particles/SimpleLit' not found
Initialize mono
Mono path[0] = '/Applications/Unity/Hub/Editor/2020.3.12f1/Unity.app/Contents/Managed'
Mono path[1] = '/Applications/Unity/Hub/Editor/2020.3.12f1/Unity.app/Contents/MonoBleedingEdge/lib/mono/unityjit'
Mono config path = '/Applications/Unity/Hub/Editor/2020.3.12f1/Unity.app/Contents/MonoBleedingEdge/etc'
Using monoOptions --debugger-agent=transport=dt_socket,embedding=1,server=y,suspend=n,address=127.0.0.1:56843
Begin MonoManager ReloadAssembly
Registering precompiled unity dll's ...
Register platform support module: /Applications/Unity/Hub/Editor/2020.3.12f1/Unity.app/Contents/PlaybackEngines/MacStandaloneSupport/UnityEditor.OSXStandalone.Extensions.dll
Registered in 0.001322 seconds.
Native extension for OSXStandalone target not found
Refreshing native plugins compatible for Editor in 89.91 ms, found 3 plugins.
Preloading 0 native plugins for Editor in 0.00 ms.
Mono: successfully reloaded assembly
- Completed reload, in  4.189 seconds
Platform modules already initialized, skipping
Registering precompiled user dll's ...
Registered in 0.004219 seconds.
Begin MonoManager ReloadAssembly
Native extension for OSXStandalone target not found
Refreshing native plugins compatible for Editor in 92.51 ms, found 3 plugins.
Preloading 0 native plugins for Editor in 0.00 ms.
Mono: successfully reloaded assembly
- Completed reload, in  2.526 seconds
Platform modules already initialized, skipping
========================================================================
Worker process is ready to serve import requests
Shader 'Universal Render Pipeline/Particles/Lit': fallback shader 'Universal Render Pipeline/Particles/SimpleLit' not found
Launching external process: /Applications/Unity/Hub/Editor/2020.3.12f1/Unity.app/Contents/Tools/UnityShaderCompiler
Launched and connected shader compiler UnityShaderCompiler after 0.03 seconds
Refreshing native plugins compatible for Editor in 1.05 ms, found 3 plugins.
Preloading 0 native plugins for Editor in 0.00 ms.
Unloading 3483 Unused Serialized files (Serialized files now loaded: 0)
System memory in use before: 238.6 MB.
System memory in use after: 238.7 MB.

Unloading 59 unused Assets to reduce memory usage. Loaded Objects now: 3894.
Total: 1.974166 ms (FindLiveObjects: 0.264917 ms CreateObjectMapping: 0.077000 ms MarkObjects: 1.503000 ms  DeleteObjects: 0.128500 ms)

AssetImportParameters requested are different than current active one (requested -> active):
  custom:video-decoder-ogg-theora: a1e56fd34408186e4bbccfd4996cb3dc -> 
  custom:container-muxer-webm: aa71ff27fc2769a1b78a27578f13a17b -> 
  custom:container-demuxer-webm: 4f35f7cbe854078d1ac9338744f61a02 -> 
  custom:container-demuxer-ogg: 62fdf1f143b41e24485cea50d1cbac27 -> 
  custom:video-encoder-webm-vp8: eb34c28f22e8b96e1ab97ce403110664 -> 
  custom:framework-osx-AVFoundation: e770b220cccbd017edd2c1fefb359320 -> 
  custom:video-decoder-webm-vp8: 9c59270c3fd7afecdb556c50c9e8de78 -> 
  custom:audio-decoder-ogg-vorbis: bf7c407c2cedff20999df2af8eb42d56 -> 
  custom:audio-encoder-webm-vorbis: bf7c407c2cedff20999df2af8eb42d56 -> 
========================================================================
Received Import Request.
  path: Assets/Prefabs/Players/ABPlayer.prefab
  artifactKey: Guid(0852c11b5b0194ddbbab5f191e055c7d) Importer(815301076,1909f56bfc062723c751e8b465ee728b)
Start importing Assets/Prefabs/Players/ABPlayer.prefab using Guid(0852c11b5b0194ddbbab5f191e055c7d) Importer(815301076,1909f56bfc062723c751e8b465ee728b)  -> (artifact id: '3666e2cee374d73b9399dbd51a25823b') in 1.258236 seconds 
  Import took 1.265288 seconds .

========================================================================
Received Import Request.
  Time since last request: 0.000205 seconds.
  path: Assets/Prefabs/Players/ABPlayer.prefab
  artifactKey: Guid(0852c11b5b0194ddbbab5f191e055c7d) Importer(815301076,1909f56bfc062723c751e8b465ee728b)
Start importing Assets/Prefabs/Players/ABPlayer.prefab using Guid(0852c11b5b0194ddbbab5f191e055c7d) Importer(815301076,1909f56bfc062723c751e8b465ee728b)  -> (artifact id: '3666e2cee374d73b9399dbd51a25823b') in 0.023020 seconds 
  Import took 0.029137 seconds .

========================================================================
Received Import Request.
  Time since last request: 0.000297 seconds.
  path: Assets/Prefabs/Players/DBPlayer.prefab
  artifactKey: Guid(8933386d65b99434ca6a4e5f91663f6b) Importer(815301076,1909f56bfc062723c751e8b465ee728b)
Start importing Assets/Prefabs/Players/DBPlayer.prefab using Guid(8933386d65b99434ca6a4e5f91663f6b) Importer(815301076,1909f56bfc062723c751e8b465ee728b)  -> (artifact id: 'c3fc9be69d36d85bbfcb128fd7932f7d') in 0.010294 seconds 
  Import took 0.016544 seconds .

========================================================================
Received Import Request.
  Time since last request: 0.000308 seconds.
  path: Assets/Prefabs/Players/CSPlayer.prefab
  artifactKey: Guid(2752eba6b98644d5298321bc435a5b1e) Importer(815301076,1909f56bfc062723c751e8b465ee728b)
Start importing Assets/Prefabs/Players/CSPlayer.prefab using Guid(2752eba6b98644d5298321bc435a5b1e) Importer(815301076,1909f56bfc062723c751e8b465ee728b)  -> (artifact id: '14adf3cf0bac4e267a8433bcb2cca99c') in 0.012332 seconds 
  Import took 0.018540 seconds .

========================================================================
Received Import Request.
  Time since last request: 14.082134 seconds.
  path: Assets/Scenes/AB Levels/ABEndless.unity
  artifactKey: Guid(8252f166200da4bb481a7e4edfd84b20) Importer(815301076,1909f56bfc062723c751e8b465ee728b)
Start importing Assets/Scenes/AB Levels/ABEndless.unity using Guid(8252f166200da4bb481a7e4edfd84b20) Importer(815301076,1909f56bfc062723c751e8b465ee728b)  -> (artifact id: '99b19e3c6eb521f5b2caec9716be01fd') in 0.002842 seconds 
  Import took 0.010056 seconds .

========================================================================
Received Import Request.
  Time since last request: 30.605888 seconds.
  path: Assets/Scenes/AB Levels/ABEndless.unity
  artifactKey: Guid(8252f166200da4bb481a7e4edfd84b20) Importer(815301076,1909f56bfc062723c751e8b465ee728b)
Start importing Assets/Scenes/AB Levels/ABEndless.unity using Guid(8252f166200da4bb481a7e4edfd84b20) Importer(815301076,1909f56bfc062723c751e8b465ee728b)  -> (artifact id: '44b474c52063a49780a1f50fc740cf53') in 0.002316 seconds 
  Import took 0.011019 seconds .

========================================================================
Received Prepare
Registering precompiled user dll's ...
Registered in 0.004137 seconds.
Begin MonoManager ReloadAssembly
Native extension for OSXStandalone target not found
Refreshing native plugins compatible for Editor in 1.50 ms, found 3 plugins.
Preloading 0 native plugins for Editor in 0.00 ms.
Mono: successfully reloaded assembly
- Completed reload, in  2.671 seconds
Platform modules already initialized, skipping
Switching build target platform(2) subTarget(0) extendedPlatform(0) -> platform(9) subTarget(16777218) extendedPlatform(0)
Shader 'Universal Render Pipeline/Particles/Lit': fallback shader 'Universal Render Pipeline/Particles/SimpleLit' not found
Refreshing native plugins compatible for Editor in 1.00 ms, found 3 plugins.
Preloading 0 native plugins for Editor in 0.00 ms.
Unloading 3378 Unused Serialized files (Serialized files now loaded: 0)
System memory in use before: 240.8 MB.
System memory in use after: 240.9 MB.

Unloading 47 unused Assets to reduce memory usage. Loaded Objects now: 3944.
Total: 2.167875 ms (FindLiveObjects: 0.260833 ms CreateObjectMapping: 0.106667 ms MarkObjects: 1.693042 ms  DeleteObjects: 0.106459 ms)

AssetImportParameters requested are different than current active one (requested -> active):
  custom:video-decoder-ogg-theora: a1e56fd34408186e4bbccfd4996cb3dc -> 
  custom:container-muxer-webm: aa71ff27fc2769a1b78a27578f13a17b -> 
  custom:container-demuxer-webm: 4f35f7cbe854078d1ac9338744f61a02 -> 
  custom:container-demuxer-ogg: 62fdf1f143b41e24485cea50d1cbac27 -> 
  custom:video-encoder-webm-vp8: eb34c28f22e8b96e1ab97ce403110664 -> 
  custom:framework-osx-AVFoundation: e770b220cccbd017edd2c1fefb359320 -> 
  custom:video-decoder-webm-vp8: 9c59270c3fd7afecdb556c50c9e8de78 -> 
  custom:graphics/normal-map-encoding: 01000000000000000000000000000000 -> 02000000000000000000000000000000
  custom:audio-decoder-ogg-vorbis: bf7c407c2cedff20999df2af8eb42d56 -> 
  custom:audio-encoder-webm-vorbis: bf7c407c2cedff20999df2af8eb42d56 -> 
========================================================================
Received Prepare
Registering precompiled user dll's ...
Registered in 0.004157 seconds.
Begin MonoManager ReloadAssembly
Native extension for OSXStandalone target not found
Refreshing native plugins compatible for Editor in 1.13 ms, found 3 plugins.
Preloading 0 native plugins for Editor in 0.00 ms.
Mono: successfully reloaded assembly
- Completed reload, in  2.696 seconds
Platform modules already initialized, skipping
Switching build target platform(2) subTarget(0) extendedPlatform(0) -> platform(9) subTarget(16777218) extendedPlatform(0)
Shader 'Universal Render Pipeline/Particles/Lit': fallback shader 'Universal Render Pipeline/Particles/SimpleLit' not found
Refreshing native plugins compatible for Editor in 1.10 ms, found 3 plugins.
Preloading 0 native plugins for Editor in 0.00 ms.
Unloading 3378 Unused Serialized files (Serialized files now loaded: 0)
System memory in use before: 241.0 MB.
System memory in use after: 241.1 MB.

Unloading 47 unused Assets to reduce memory usage. Loaded Objects now: 3948.
Total: 2.595250 ms (FindLiveObjects: 0.382583 ms CreateObjectMapping: 0.090167 ms MarkObjects: 1.963708 ms  DeleteObjects: 0.157833 ms)

AssetImportParameters requested are different than current active one (requested -> active):
  custom:video-decoder-ogg-theora: a1e56fd34408186e4bbccfd4996cb3dc -> 
  custom:container-muxer-webm: aa71ff27fc2769a1b78a27578f13a17b -> 
  custom:container-demuxer-webm: 4f35f7cbe854078d1ac9338744f61a02 -> 
  custom:container-demuxer-ogg: 62fdf1f143b41e24485cea50d1cbac27 -> 
  custom:video-encoder-webm-vp8: eb34c28f22e8b96e1ab97ce403110664 -> 
  custom:framework-osx-AVFoundation: e770b220cccbd017edd2c1fefb359320 -> 
  custom:video-decoder-webm-vp8: 9c59270c3fd7afecdb556c50c9e8de78 -> 
  custom:graphics/normal-map-encoding: 01000000000000000000000000000000 -> 02000000000000000000000000000000
  custom:audio-decoder-ogg-vorbis: bf7c407c2cedff20999df2af8eb42d56 -> 
  custom:audio-encoder-webm-vorbis: bf7c407c2cedff20999df2af8eb42d56 -> 
========================================================================
Received Import Request.
  Time since last request: 287.132188 seconds.
  path: Assets/Scenes/CS Levels/CS Endless.unity
  artifactKey: Guid(acfa1cae24825475a9f10bef4b684ff0) Importer(815301076,1909f56bfc062723c751e8b465ee728b)
Start importing Assets/Scenes/CS Levels/CS Endless.unity using Guid(acfa1cae24825475a9f10bef4b684ff0) Importer(815301076,1909f56bfc062723c751e8b465ee728b)  -> (artifact id: '7ab29bd38941d8f9b060592f267cb56c') in 0.047398 seconds 
  Import took 0.066628 seconds .

========================================================================
Received Prepare
Registering precompiled user dll's ...
Registered in 0.004910 seconds.
Begin MonoManager ReloadAssembly
Native extension for OSXStandalone target not found
Refreshing native plugins compatible for Editor in 1.11 ms, found 3 plugins.
Preloading 0 native plugins for Editor in 0.00 ms.
Mono: successfully reloaded assembly
- Completed reload, in  2.450 seconds
Platform modules already initialized, skipping
Switching build target platform(2) subTarget(0) extendedPlatform(0) -> platform(9) subTarget(16777218) extendedPlatform(0)
Shader 'Universal Render Pipeline/Particles/Lit': fallback shader 'Universal Render Pipeline/Particles/SimpleLit' not found
Refreshing native plugins compatible for Editor in 0.99 ms, found 3 plugins.
Preloading 0 native plugins for Editor in 0.00 ms.
Unloading 3378 Unused Serialized files (Serialized files now loaded: 0)
System memory in use before: 241.3 MB.
System memory in use after: 241.4 MB.

Unloading 47 unused Assets to reduce memory usage. Loaded Objects now: 3952.
Total: 2.049541 ms (FindLiveObjects: 0.247458 ms CreateObjectMapping: 0.079333 ms MarkObjects: 1.614417 ms  DeleteObjects: 0.107583 ms)

AssetImportParameters requested are different than current active one (requested -> active):
  custom:video-decoder-ogg-theora: a1e56fd34408186e4bbccfd4996cb3dc -> 
  custom:container-muxer-webm: aa71ff27fc2769a1b78a27578f13a17b -> 
  custom:container-demuxer-webm: 4f35f7cbe854078d1ac9338744f61a02 -> 
  custom:container-demuxer-ogg: 62fdf1f143b41e24485cea50d1cbac27 -> 
  custom:video-encoder-webm-vp8: eb34c28f22e8b96e1ab97ce403110664 -> 
  custom:framework-osx-AVFoundation: e770b220cccbd017edd2c1fefb359320 -> 
  custom:video-decoder-webm-vp8: 9c59270c3fd7afecdb556c50c9e8de78 -> 
  custom:graphics/normal-map-encoding: 01000000000000000000000000000000 -> 02000000000000000000000000000000
  custom:audio-decoder-ogg-vorbis: bf7c407c2cedff20999df2af8eb42d56 -> 
  custom:audio-encoder-webm-vorbis: bf7c407c2cedff20999df2af8eb42d56 -> 
========================================================================
Received Import Request.
  Time since last request: 21.900701 seconds.
  path: Assets/Prefabs/Players/ABPlayer.prefab
  artifactKey: Guid(0852c11b5b0194ddbbab5f191e055c7d) Importer(815301076,1909f56bfc062723c751e8b465ee728b)
Start importing Assets/Prefabs/Players/ABPlayer.prefab using Guid(0852c11b5b0194ddbbab5f191e055c7d) Importer(815301076,1909f56bfc062723c751e8b465ee728b)  -> (artifact id: 'ca11d66938e311b8083efda47f17c69f') in 0.496300 seconds 
  Import took 0.503868 seconds .

========================================================================
Received Import Request.
  Time since last request: 5.363637 seconds.
  path: Assets/Prefabs/Players/ABPlayer.prefab
  artifactKey: Guid(0852c11b5b0194ddbbab5f191e055c7d) Importer(815301076,1909f56bfc062723c751e8b465ee728b)
Start importing Assets/Prefabs/Players/ABPlayer.prefab using Guid(0852c11b5b0194ddbbab5f191e055c7d) Importer(815301076,1909f56bfc062723c751e8b465ee728b)  -> (artifact id: '9d177c3d740610a71b5a9be1a0a8d452') in 0.022795 seconds 
  Import took 0.030374 seconds .

========================================================================
Received Import Request.
  Time since last request: 5.962231 seconds.
  path: Assets/Prefabs/Players/CSPlayer.prefab
  artifactKey: Guid(2752eba6b98644d5298321bc435a5b1e) Importer(815301076,1909f56bfc062723c751e8b465ee728b)
Start importing Assets/Prefabs/Players/CSPlayer.prefab using Guid(2752eba6b98644d5298321bc435a5b1e) Importer(815301076,1909f56bfc062723c751e8b465ee728b)  -> (artifact id: 'f83b5136ae4a7929519a35e7dd283625') in 0.011211 seconds 
  Import took 0.019067 seconds .

========================================================================
Received Import Request.
  Time since last request: 4.746848 seconds.
  path: Assets/Prefabs/Players/CSPlayer.prefab
  artifactKey: Guid(2752eba6b98644d5298321bc435a5b1e) Importer(815301076,1909f56bfc062723c751e8b465ee728b)
Start importing Assets/Prefabs/Players/CSPlayer.prefab using Guid(2752eba6b98644d5298321bc435a5b1e) Importer(815301076,1909f56bfc062723c751e8b465ee728b)  -> (artifact id: '029257d7c76e09a97a0c9944fdb12d00') in 0.010726 seconds 
  Import took 0.018952 seconds .

========================================================================
Received Import Request.
  Time since last request: 7.388874 seconds.
  path: Assets/Prefabs/Players/DBPlayer.prefab
  artifactKey: Guid(8933386d65b99434ca6a4e5f91663f6b) Importer(815301076,1909f56bfc062723c751e8b465ee728b)
Start importing Assets/Prefabs/Players/DBPlayer.prefab using Guid(8933386d65b99434ca6a4e5f91663f6b) Importer(815301076,1909f56bfc062723c751e8b465ee728b)  -> (artifact id: 'f97bc920ba4299cf14bc01a1daa5272d') in 0.013181 seconds 
  Import took 0.020433 seconds .

========================================================================
Received Import Request.
  Time since last request: 3.740152 seconds.
  path: Assets/Prefabs/Players/DBPlayer.prefab
  artifactKey: Guid(8933386d65b99434ca6a4e5f91663f6b) Importer(815301076,1909f56bfc062723c751e8b465ee728b)
Start importing Assets/Prefabs/Players/DBPlayer.prefab using Guid(8933386d65b99434ca6a4e5f91663f6b) Importer(815301076,1909f56bfc062723c751e8b465ee728b)  -> (artifact id: 'da884eca40ee0a9c7f98d3cb0179487f') in 0.010672 seconds 
  Import took 0.018015 seconds .

========================================================================
Received Prepare
Registering precompiled user dll's ...
Registered in 0.007180 seconds.
Begin MonoManager ReloadAssembly
Native extension for OSXStandalone target not found
Refreshing native plugins compatible for Editor in 1.11 ms, found 3 plugins.
Preloading 0 native plugins for Editor in 0.00 ms.
Mono: successfully reloaded assembly
- Completed reload, in  2.568 seconds
Platform modules already initialized, skipping
Switching build target platform(2) subTarget(0) extendedPlatform(0) -> platform(9) subTarget(16777218) extendedPlatform(0)
Shader 'Universal Render Pipeline/Particles/Lit': fallback shader 'Universal Render Pipeline/Particles/SimpleLit' not found
Refreshing native plugins compatible for Editor in 1.06 ms, found 3 plugins.
Preloading 0 native plugins for Editor in 0.00 ms.
Unloading 3378 Unused Serialized files (Serialized files now loaded: 0)
System memory in use before: 241.8 MB.
System memory in use after: 241.9 MB.

Unloading 47 unused Assets to reduce memory usage. Loaded Objects now: 3992.
Total: 2.146000 ms (FindLiveObjects: 0.271209 ms CreateObjectMapping: 0.079292 ms MarkObjects: 1.687375 ms  DeleteObjects: 0.107209 ms)

AssetImportParameters requested are different than current active one (requested -> active):
  custom:video-decoder-ogg-theora: a1e56fd34408186e4bbccfd4996cb3dc -> 
  custom:container-muxer-webm: aa71ff27fc2769a1b78a27578f13a17b -> 
  custom:container-demuxer-webm: 4f35f7cbe854078d1ac9338744f61a02 -> 
  custom:container-demuxer-ogg: 62fdf1f143b41e24485cea50d1cbac27 -> 
  custom:video-encoder-webm-vp8: eb34c28f22e8b96e1ab97ce403110664 -> 
  custom:framework-osx-AVFoundation: e770b220cccbd017edd2c1fefb359320 -> 
  custom:video-decoder-webm-vp8: 9c59270c3fd7afecdb556c50c9e8de78 -> 
  custom:graphics/normal-map-encoding: 01000000000000000000000000000000 -> 02000000000000000000000000000000
  custom:audio-decoder-ogg-vorbis: bf7c407c2cedff20999df2af8eb42d56 -> 
  custom:audio-encoder-webm-vorbis: bf7c407c2cedff20999df2af8eb42d56 -> 
========================================================================
Received Import Request.
  Time since last request: 418.745038 seconds.
  path: Assets/Prefabs/Players/ABPlayer.prefab
  artifactKey: Guid(0852c11b5b0194ddbbab5f191e055c7d) Importer(815301076,1909f56bfc062723c751e8b465ee728b)
Start importing Assets/Prefabs/Players/ABPlayer.prefab using Guid(0852c11b5b0194ddbbab5f191e055c7d) Importer(815301076,1909f56bfc062723c751e8b465ee728b)  -> (artifact id: '7cac74bcab3b943c3a9e344ce6bada23') in 0.480285 seconds 
  Import took 0.488166 seconds .

========================================================================
Received Prepare
Registering precompiled user dll's ...
Registered in 0.005008 seconds.
Begin MonoManager ReloadAssembly
Native extension for OSXStandalone target not found
Refreshing native plugins compatible for Editor in 1.02 ms, found 3 plugins.
Preloading 0 native plugins for Editor in 0.00 ms.
Mono: successfully reloaded assembly
- Completed reload, in  2.498 seconds
Platform modules already initialized, skipping
Switching build target platform(2) subTarget(0) extendedPlatform(0) -> platform(9) subTarget(16777218) extendedPlatform(0)
Shader 'Universal Render Pipeline/Particles/Lit': fallback shader 'Universal Render Pipeline/Particles/SimpleLit' not found
Refreshing native plugins compatible for Editor in 1.02 ms, found 3 plugins.
Preloading 0 native plugins for Editor in 0.00 ms.
Unloading 3378 Unused Serialized files (Serialized files now loaded: 0)
System memory in use before: 242.2 MB.
System memory in use after: 242.3 MB.

Unloading 47 unused Assets to reduce memory usage. Loaded Objects now: 4032.
Total: 2.141958 ms (FindLiveObjects: 0.231625 ms CreateObjectMapping: 0.078833 ms MarkObjects: 1.725458 ms  DeleteObjects: 0.105083 ms)

AssetImportParameters requested are different than current active one (requested -> active):
  custom:video-decoder-ogg-theora: a1e56fd34408186e4bbccfd4996cb3dc -> 
  custom:container-muxer-webm: aa71ff27fc2769a1b78a27578f13a17b -> 
  custom:container-demuxer-webm: 4f35f7cbe854078d1ac9338744f61a02 -> 
  custom:container-demuxer-ogg: 62fdf1f143b41e24485cea50d1cbac27 -> 
  custom:video-encoder-webm-vp8: eb34c28f22e8b96e1ab97ce403110664 -> 
  custom:framework-osx-AVFoundation: e770b220cccbd017edd2c1fefb359320 -> 
  custom:video-decoder-webm-vp8: 9c59270c3fd7afecdb556c50c9e8de78 -> 
  custom:graphics/normal-map-encoding: 01000000000000000000000000000000 -> 02000000000000000000000000000000
  custom:audio-decoder-ogg-vorbis: bf7c407c2cedff20999df2af8eb42d56 -> 
  custom:audio-encoder-webm-vorbis: bf7c407c2cedff20999df2af8eb42d56 -> 
========================================================================
Received Import Request.
  Time since last request: 130.678426 seconds.
  path: Assets/Shapes/6.png
  artifactKey: Guid(85dbf712217324ab5b88fbfb5af0394e) Importer(815301076,1909f56bfc062723c751e8b465ee728b)
Start importing Assets/Shapes/6.png using Guid(85dbf712217324ab5b88fbfb5af0394e) Importer(815301076,1909f56bfc062723c751e8b465ee728b)  -> (artifact id: '60d6730b687e7faa0e7be385595a1834') in 0.738744 seconds 
  Import took 0.745012 seconds .

========================================================================
Received Import Request.
  Time since last request: 5.723555 seconds.
  path: Assets/Shapes/8.png
  artifactKey: Guid(17d96c6cf70b649cc8455f8e1b2dc4d4) Importer(815301076,1909f56bfc062723c751e8b465ee728b)
Start importing Assets/Shapes/8.png using Guid(17d96c6cf70b649cc8455f8e1b2dc4d4) Importer(815301076,1909f56bfc062723c751e8b465ee728b)  -> (artifact id: 'c114fe6ea396fb4d4332eb6e59ab1896') in 0.013964 seconds 
  Import took 0.020350 seconds .

========================================================================
Received Import Request.
  Time since last request: 14.443988 seconds.
  path: Assets/Shapes/8.png
  artifactKey: Guid(17d96c6cf70b649cc8455f8e1b2dc4d4) Importer(815301076,1909f56bfc062723c751e8b465ee728b)
Start importing Assets/Shapes/8.png using Guid(17d96c6cf70b649cc8455f8e1b2dc4d4) Importer(815301076,1909f56bfc062723c751e8b465ee728b)  -> (artifact id: 'e2d8bb7ea9ea3d11416858e444ef0461') in 0.009295 seconds 
  Import took 0.016221 seconds .

========================================================================
Received Import Request.
  Time since last request: 24.258129 seconds.
  path: Assets/Shapes/7.png
  artifactKey: Guid(1cab3e6e0e962464b847edea2d01a316) Importer(815301076,1909f56bfc062723c751e8b465ee728b)
Start importing Assets/Shapes/7.png using Guid(1cab3e6e0e962464b847edea2d01a316) Importer(815301076,1909f56bfc062723c751e8b465ee728b)  -> (artifact id: '68f1a2f36963ec704dac04ddccd1ed76') in 0.021541 seconds 
  Import took 0.041599 seconds .

========================================================================
Received Import Request.
  Time since last request: 10.588230 seconds.
  path: Assets/Shapes/6.png
  artifactKey: Guid(85dbf712217324ab5b88fbfb5af0394e) Importer(815301076,1909f56bfc062723c751e8b465ee728b)
Start importing Assets/Shapes/6.png using Guid(85dbf712217324ab5b88fbfb5af0394e) Importer(815301076,1909f56bfc062723c751e8b465ee728b)  -> (artifact id: '569b16fbdf8f62606ff1707af74c96b1') in 0.009701 seconds 
  Import took 0.015910 seconds .

========================================================================
Received Import Request.
  Time since last request: 5.438994 seconds.
  path: Assets/Shapes/9.png
  artifactKey: Guid(dd41fa4cdad6d465ebf081671e194ada) Importer(815301076,1909f56bfc062723c751e8b465ee728b)
Start importing Assets/Shapes/9.png using Guid(dd41fa4cdad6d465ebf081671e194ada) Importer(815301076,1909f56bfc062723c751e8b465ee728b)  -> (artifact id: '511baafe938e51e89c32b735cec60082') in 0.018297 seconds 
  Import took 0.024469 seconds .

========================================================================
Received Prepare
Registering precompiled user dll's ...
Registered in 0.007257 seconds.
Begin MonoManager ReloadAssembly
Native extension for OSXStandalone target not found
Refreshing native plugins compatible for Editor in 1.02 ms, found 3 plugins.
Preloading 0 native plugins for Editor in 0.00 ms.
Mono: successfully reloaded assembly
- Completed reload, in  2.517 seconds
Platform modules already initialized, skipping
Switching build target platform(2) subTarget(0) extendedPlatform(0) -> platform(9) subTarget(16777218) extendedPlatform(0)
Shader 'Universal Render Pipeline/Particles/Lit': fallback shader 'Universal Render Pipeline/Particles/SimpleLit' not found
Refreshing native plugins compatible for Editor in 0.97 ms, found 3 plugins.
Preloading 0 native plugins for Editor in 0.00 ms.
Unloading 3378 Unused Serialized files (Serialized files now loaded: 0)
System memory in use before: 246.8 MB.
System memory in use after: 246.9 MB.

Unloading 47 unused Assets to reduce memory usage. Loaded Objects now: 4043.
Total: 2.118292 ms (FindLiveObjects: 0.230917 ms CreateObjectMapping: 0.078917 ms MarkObjects: 1.697291 ms  DeleteObjects: 0.110375 ms)

AssetImportParameters requested are different than current active one (requested -> active):
  custom:video-decoder-ogg-theora: a1e56fd34408186e4bbccfd4996cb3dc -> 
  custom:container-muxer-webm: aa71ff27fc2769a1b78a27578f13a17b -> 
  custom:container-demuxer-webm: 4f35f7cbe854078d1ac9338744f61a02 -> 
  custom:container-demuxer-ogg: 62fdf1f143b41e24485cea50d1cbac27 -> 
  custom:video-encoder-webm-vp8: eb34c28f22e8b96e1ab97ce403110664 -> 
  custom:framework-osx-AVFoundation: e770b220cccbd017edd2c1fefb359320 -> 
  custom:video-decoder-webm-vp8: 9c59270c3fd7afecdb556c50c9e8de78 -> 
  custom:graphics/normal-map-encoding: 01000000000000000000000000000000 -> 02000000000000000000000000000000
  custom:audio-decoder-ogg-vorbis: bf7c407c2cedff20999df2af8eb42d56 -> 
  custom:audio-encoder-webm-vorbis: bf7c407c2cedff20999df2af8eb42d56 -> 
========================================================================
Received Import Request.
  Time since last request: 820.912684 seconds.
  path: Assets/Shapes/shapes.gif
  artifactKey: Guid(f83181eb352614ae9866f77f37f79c25) Importer(815301076,1909f56bfc062723c751e8b465ee728b)
Start importing Assets/Shapes/shapes.gif using Guid(f83181eb352614ae9866f77f37f79c25) Importer(815301076,1909f56bfc062723c751e8b465ee728b)  -> (artifact id: '2628890d1eb71e601f929b48bf86a446') in 0.913258 seconds 
  Import took 0.939968 seconds .

========================================================================
Received Prepare
Registering precompiled user dll's ...
Registered in 0.005914 seconds.
Begin MonoManager ReloadAssembly
Native extension for OSXStandalone target not found
Refreshing native plugins compatible for Editor in 1.33 ms, found 3 plugins.
Preloading 0 native plugins for Editor in 0.00 ms.
Mono: successfully reloaded assembly
- Completed reload, in  2.704 seconds
Platform modules already initialized, skipping
Switching build target platform(2) subTarget(0) extendedPlatform(0) -> platform(9) subTarget(16777218) extendedPlatform(0)
Shader 'Universal Render Pipeline/Particles/Lit': fallback shader 'Universal Render Pipeline/Particles/SimpleLit' not found
Refreshing native plugins compatible for Editor in 1.04 ms, found 3 plugins.
Preloading 0 native plugins for Editor in 0.00 ms.
Unloading 3378 Unused Serialized files (Serialized files now loaded: 0)
System memory in use before: 251.4 MB.
System memory in use after: 251.5 MB.

Unloading 47 unused Assets to reduce memory usage. Loaded Objects now: 4048.
Total: 2.491291 ms (FindLiveObjects: 0.257500 ms CreateObjectMapping: 0.103500 ms MarkObjects: 2.013708 ms  DeleteObjects: 0.115708 ms)

AssetImportParameters requested are different than current active one (requested -> active):
  custom:video-decoder-ogg-theora: a1e56fd34408186e4bbccfd4996cb3dc -> 
  custom:container-muxer-webm: aa71ff27fc2769a1b78a27578f13a17b -> 
  custom:container-demuxer-webm: 4f35f7cbe854078d1ac9338744f61a02 -> 
  custom:container-demuxer-ogg: 62fdf1f143b41e24485cea50d1cbac27 -> 
  custom:video-encoder-webm-vp8: eb34c28f22e8b96e1ab97ce403110664 -> 
  custom:framework-osx-AVFoundation: e770b220cccbd017edd2c1fefb359320 -> 
  custom:video-decoder-webm-vp8: 9c59270c3fd7afecdb556c50c9e8de78 -> 
  custom:graphics/normal-map-encoding: 01000000000000000000000000000000 -> 02000000000000000000000000000000
  custom:audio-decoder-ogg-vorbis: bf7c407c2cedff20999df2af8eb42d56 -> 
  custom:audio-encoder-webm-vorbis: bf7c407c2cedff20999df2af8eb42d56 -> 
========================================================================
Received Import Request.
  Time since last request: 180.580419 seconds.
  path: Assets/Shapes/shapesVideo.gif
  artifactKey: Guid(aafe182cd8fe44967b5d42c11f9d2a54) Importer(815301076,1909f56bfc062723c751e8b465ee728b)
Start importing Assets/Shapes/shapesVideo.gif using Guid(aafe182cd8fe44967b5d42c11f9d2a54) Importer(815301076,1909f56bfc062723c751e8b465ee728b)  -> (artifact id: '7a5066af1743364d60b6027827204cb5') in 0.244082 seconds 
  Import took 0.269139 seconds .

========================================================================
Received Import Request.
  Time since last request: 20.910390 seconds.
  path: Assets/Shapes/ShapesTexture.renderTexture
  artifactKey: Guid(6413ec15d7b52465b9d75dbdd11b0eaf) Importer(815301076,1909f56bfc062723c751e8b465ee728b)
Start importing Assets/Shapes/ShapesTexture.renderTexture using Guid(6413ec15d7b52465b9d75dbdd11b0eaf) Importer(815301076,1909f56bfc062723c751e8b465ee728b)  -> (artifact id: '41541713800e636b2eae84b723524fa1') in 0.379107 seconds 
  Import took 0.396164 seconds .

========================================================================
Received Import Request.
  Time since last request: 153.614923 seconds.
  path: Assets/Shapes/shapesVideo.mp4
  artifactKey: Guid(81b83f7f4d0be4ac0a64b4dc03a7fe44) Importer(815301076,1909f56bfc062723c751e8b465ee728b)
Start importing Assets/Shapes/shapesVideo.mp4 using Guid(81b83f7f4d0be4ac0a64b4dc03a7fe44) Importer(815301076,1909f56bfc062723c751e8b465ee728b)  -> (artifact id: '1452ea0d1e896f8a9a1f7e257175562f') in 0.495355 seconds 
  Import took 0.557967 seconds .

========================================================================
Received Prepare
Registering precompiled user dll's ...
Registered in 0.004661 seconds.
Begin MonoManager ReloadAssembly
Native extension for OSXStandalone target not found
Refreshing native plugins compatible for Editor in 1.07 ms, found 3 plugins.
Preloading 0 native plugins for Editor in 0.00 ms.
Mono: successfully reloaded assembly
- Completed reload, in  2.723 seconds
Platform modules already initialized, skipping
Switching build target platform(2) subTarget(0) extendedPlatform(0) -> platform(9) subTarget(16777218) extendedPlatform(0)
Shader 'Universal Render Pipeline/Particles/Lit': fallback shader 'Universal Render Pipeline/Particles/SimpleLit' not found
Refreshing native plugins compatible for Editor in 1.04 ms, found 3 plugins.
Preloading 0 native plugins for Editor in 0.00 ms.
Unloading 3378 Unused Serialized files (Serialized files now loaded: 0)
System memory in use before: 260.1 MB.
System memory in use after: 260.2 MB.

Unloading 47 unused Assets to reduce memory usage. Loaded Objects now: 4055.
Total: 3.031417 ms (FindLiveObjects: 0.234500 ms CreateObjectMapping: 0.079000 ms MarkObjects: 2.592125 ms  DeleteObjects: 0.124875 ms)

AssetImportParameters requested are different than current active one (requested -> active):
  custom:video-decoder-ogg-theora: a1e56fd34408186e4bbccfd4996cb3dc -> 
  custom:container-muxer-webm: aa71ff27fc2769a1b78a27578f13a17b -> 
  custom:container-demuxer-webm: 4f35f7cbe854078d1ac9338744f61a02 -> 
  custom:container-demuxer-ogg: 62fdf1f143b41e24485cea50d1cbac27 -> 
  custom:video-encoder-webm-vp8: eb34c28f22e8b96e1ab97ce403110664 -> 
  custom:framework-osx-AVFoundation: e770b220cccbd017edd2c1fefb359320 -> 
  custom:video-decoder-webm-vp8: 9c59270c3fd7afecdb556c50c9e8de78 -> 
  custom:graphics/normal-map-encoding: 01000000000000000000000000000000 -> 02000000000000000000000000000000
  custom:audio-decoder-ogg-vorbis: bf7c407c2cedff20999df2af8eb42d56 -> 
  custom:audio-encoder-webm-vorbis: bf7c407c2cedff20999df2af8eb42d56 -> 
========================================================================
Received Import Request.
  Time since last request: 695.598181 seconds.
  path: Assets/Shapes/shapeVid.mp4
  artifactKey: Guid(1422e3e5940b54df7a2b670f2a4b1113) Importer(815301076,1909f56bfc062723c751e8b465ee728b)
Start importing Assets/Shapes/shapeVid.mp4 using Guid(1422e3e5940b54df7a2b670f2a4b1113) Importer(815301076,1909f56bfc062723c751e8b465ee728b)  -> (artifact id: 'f9e6b5c547c35ff4c731cddca5b5e8ca') in 0.092004 seconds 
  Import took 0.146715 seconds .

========================================================================
Received Prepare
Registering precompiled user dll's ...
Registered in 0.004979 seconds.
Begin MonoManager ReloadAssembly
Native extension for OSXStandalone target not found
Refreshing native plugins compatible for Editor in 1.11 ms, found 3 plugins.
Preloading 0 native plugins for Editor in 0.00 ms.
Mono: successfully reloaded assembly
- Completed reload, in  2.586 seconds
Platform modules already initialized, skipping
Switching build target platform(2) subTarget(0) extendedPlatform(0) -> platform(9) subTarget(16777218) extendedPlatform(0)
Shader 'Universal Render Pipeline/Particles/Lit': fallback shader 'Universal Render Pipeline/Particles/SimpleLit' not found
Refreshing native plugins compatible for Editor in 1.09 ms, found 3 plugins.
Preloading 0 native plugins for Editor in 0.00 ms.
Unloading 3378 Unused Serialized files (Serialized files now loaded: 0)
System memory in use before: 260.3 MB.
System memory in use after: 260.4 MB.

Unloading 47 unused Assets to reduce memory usage. Loaded Objects now: 4059.
Total: 2.404750 ms (FindLiveObjects: 0.299792 ms CreateObjectMapping: 0.088334 ms MarkObjects: 1.890166 ms  DeleteObjects: 0.125666 ms)

AssetImportParameters requested are different than current active one (requested -> active):
  custom:video-decoder-ogg-theora: a1e56fd34408186e4bbccfd4996cb3dc -> 
  custom:container-muxer-webm: aa71ff27fc2769a1b78a27578f13a17b -> 
  custom:container-demuxer-webm: 4f35f7cbe854078d1ac9338744f61a02 -> 
  custom:container-demuxer-ogg: 62fdf1f143b41e24485cea50d1cbac27 -> 
  custom:video-encoder-webm-vp8: eb34c28f22e8b96e1ab97ce403110664 -> 
  custom:framework-osx-AVFoundation: e770b220cccbd017edd2c1fefb359320 -> 
  custom:video-decoder-webm-vp8: 9c59270c3fd7afecdb556c50c9e8de78 -> 
  custom:graphics/normal-map-encoding: 01000000000000000000000000000000 -> 02000000000000000000000000000000
  custom:audio-decoder-ogg-vorbis: bf7c407c2cedff20999df2af8eb42d56 -> 
  custom:audio-encoder-webm-vorbis: bf7c407c2cedff20999df2af8eb42d56 -> 
========================================================================
Received Prepare
Registering precompiled user dll's ...
Registered in 0.004821 seconds.
Begin MonoManager ReloadAssembly
Native extension for OSXStandalone target not found
Refreshing native plugins compatible for Editor in 1.16 ms, found 3 plugins.
Preloading 0 native plugins for Editor in 0.00 ms.
Mono: successfully reloaded assembly
- Completed reload, in  2.509 seconds
Platform modules already initialized, skipping
Switching build target platform(2) subTarget(0) extendedPlatform(0) -> platform(9) subTarget(16777218) extendedPlatform(0)
Shader 'Universal Render Pipeline/Particles/Lit': fallback shader 'Universal Render Pipeline/Particles/SimpleLit' not found
Refreshing native plugins compatible for Editor in 1.07 ms, found 3 plugins.
Preloading 0 native plugins for Editor in 0.00 ms.
Unloading 3378 Unused Serialized files (Serialized files now loaded: 0)
System memory in use before: 260.5 MB.
System memory in use after: 260.7 MB.

Unloading 47 unused Assets to reduce memory usage. Loaded Objects now: 4063.
Total: 2.235042 ms (FindLiveObjects: 0.262916 ms CreateObjectMapping: 0.083959 ms MarkObjects: 1.766000 ms  DeleteObjects: 0.121208 ms)

AssetImportParameters requested are different than current active one (requested -> active):
  custom:video-decoder-ogg-theora: a1e56fd34408186e4bbccfd4996cb3dc -> 
  custom:container-muxer-webm: aa71ff27fc2769a1b78a27578f13a17b -> 
  custom:container-demuxer-webm: 4f35f7cbe854078d1ac9338744f61a02 -> 
  custom:container-demuxer-ogg: 62fdf1f143b41e24485cea50d1cbac27 -> 
  custom:video-encoder-webm-vp8: eb34c28f22e8b96e1ab97ce403110664 -> 
  custom:framework-osx-AVFoundation: e770b220cccbd017edd2c1fefb359320 -> 
  custom:video-decoder-webm-vp8: 9c59270c3fd7afecdb556c50c9e8de78 -> 
  custom:graphics/normal-map-encoding: 01000000000000000000000000000000 -> 02000000000000000000000000000000
  custom:audio-decoder-ogg-vorbis: bf7c407c2cedff20999df2af8eb42d56 -> 
  custom:audio-encoder-webm-vorbis: bf7c407c2cedff20999df2af8eb42d56 -> 
========================================================================
Received Prepare
Registering precompiled user dll's ...
Registered in 0.007157 seconds.
Begin MonoManager ReloadAssembly
Native extension for OSXStandalone target not found
Refreshing native plugins compatible for Editor in 1.07 ms, found 3 plugins.
Preloading 0 native plugins for Editor in 0.00 ms.
Mono: successfully reloaded assembly
- Completed reload, in  2.563 seconds
Platform modules already initialized, skipping
Switching build target platform(2) subTarget(0) extendedPlatform(0) -> platform(9) subTarget(16777218) extendedPlatform(0)
Shader 'Universal Render Pipeline/Particles/Lit': fallback shader 'Universal Render Pipeline/Particles/SimpleLit' not found
Refreshing native plugins compatible for Editor in 1.09 ms, found 3 plugins.
Preloading 0 native plugins for Editor in 0.00 ms.
Unloading 3378 Unused Serialized files (Serialized files now loaded: 0)
System memory in use before: 260.8 MB.
System memory in use after: 260.9 MB.

Unloading 47 unused Assets to reduce memory usage. Loaded Objects now: 4067.
Total: 2.302125 ms (FindLiveObjects: 0.315167 ms CreateObjectMapping: 0.088750 ms MarkObjects: 1.776000 ms  DeleteObjects: 0.121208 ms)

AssetImportParameters requested are different than current active one (requested -> active):
  custom:video-decoder-ogg-theora: a1e56fd34408186e4bbccfd4996cb3dc -> 
  custom:container-muxer-webm: aa71ff27fc2769a1b78a27578f13a17b -> 
  custom:container-demuxer-webm: 4f35f7cbe854078d1ac9338744f61a02 -> 
  custom:container-demuxer-ogg: 62fdf1f143b41e24485cea50d1cbac27 -> 
  custom:video-encoder-webm-vp8: eb34c28f22e8b96e1ab97ce403110664 -> 
  custom:framework-osx-AVFoundation: e770b220cccbd017edd2c1fefb359320 -> 
  custom:video-decoder-webm-vp8: 9c59270c3fd7afecdb556c50c9e8de78 -> 
  custom:graphics/normal-map-encoding: 01000000000000000000000000000000 -> 02000000000000000000000000000000
  custom:audio-decoder-ogg-vorbis: bf7c407c2cedff20999df2af8eb42d56 -> 
  custom:audio-encoder-webm-vorbis: bf7c407c2cedff20999df2af8eb42d56 -> 
========================================================================
Received Prepare
Registering precompiled user dll's ...
Registered in 0.006747 seconds.
Begin MonoManager ReloadAssembly
Native extension for OSXStandalone target not found
Refreshing native plugins compatible for Editor in 1.03 ms, found 3 plugins.
Preloading 0 native plugins for Editor in 0.00 ms.
Mono: successfully reloaded assembly
- Completed reload, in  2.541 seconds
Platform modules already initialized, skipping
Switching build target platform(2) subTarget(0) extendedPlatform(0) -> platform(9) subTarget(16777218) extendedPlatform(0)
Shader 'Universal Render Pipeline/Particles/Lit': fallback shader 'Universal Render Pipeline/Particles/SimpleLit' not found
Refreshing native plugins compatible for Editor in 1.06 ms, found 3 plugins.
Preloading 0 native plugins for Editor in 0.00 ms.
Unloading 3378 Unused Serialized files (Serialized files now loaded: 0)
System memory in use before: 261.0 MB.
System memory in use after: 261.1 MB.

Unloading 47 unused Assets to reduce memory usage. Loaded Objects now: 4071.
Total: 2.519167 ms (FindLiveObjects: 0.264333 ms CreateObjectMapping: 0.086167 ms MarkObjects: 1.999708 ms  DeleteObjects: 0.168125 ms)

AssetImportParameters requested are different than current active one (requested -> active):
  custom:video-decoder-ogg-theora: a1e56fd34408186e4bbccfd4996cb3dc -> 
  custom:container-muxer-webm: aa71ff27fc2769a1b78a27578f13a17b -> 
  custom:container-demuxer-webm: 4f35f7cbe854078d1ac9338744f61a02 -> 
  custom:container-demuxer-ogg: 62fdf1f143b41e24485cea50d1cbac27 -> 
  custom:video-encoder-webm-vp8: eb34c28f22e8b96e1ab97ce403110664 -> 
  custom:framework-osx-AVFoundation: e770b220cccbd017edd2c1fefb359320 -> 
  custom:video-decoder-webm-vp8: 9c59270c3fd7afecdb556c50c9e8de78 -> 
  custom:graphics/normal-map-encoding: 01000000000000000000000000000000 -> 02000000000000000000000000000000
  custom:audio-decoder-ogg-vorbis: bf7c407c2cedff20999df2af8eb42d56 -> 
  custom:audio-encoder-webm-vorbis: bf7c407c2cedff20999df2af8eb42d56 -> 
